#
# A fatal error has been detected by the Java Runtime Environment:
#
#  EXCEPTION_ACCESS_VIOLATION (0xc0000005) at pc=0x00007ffe020de1b7, pid=3096, tid=16108
#
# JRE version: Java(TM) SE Runtime Environment (17.0.1+12) (build 17.0.1+12-LTS-39)
# Java VM: Java HotSpot(TM) 64-Bit Server VM (17.0.1+12-LTS-39, mixed mode, sharing, tiered, compressed oops, compressed class ptrs, g1 gc, windows-amd64)
# Problematic frame:
# C  [lwjgl_opengl.dll+0xe1b7]
#
# No core dump will be written. Minidumps are not enabled by default on client versions of Windows
#
# If you would like to submit a bug report, please visit:
#   https://bugreport.java.com/bugreport/crash.jsp
# The crash happened outside the Java Virtual Machine in native code.
# See problematic frame for where to report the bug.
#

---------------  S U M M A R Y ------------

Command Line: -javaagent:C:\Program Files\JetBrains\IntelliJ IDEA 2023.1.1\lib\idea_rt.jar=61745:C:\Program Files\JetBrains\IntelliJ IDEA 2023.1.1\bin -Dfile.encoding=UTF-8 MainKt

Host: AMD Ryzen 5 5500U with Radeon Graphics         , 12 cores, 7G,  Windows 10 , 64 bit Build 22621 (10.0.22621.1928)
Time: Thu Jul 13 10:19:06 2023 India Standard Time elapsed time: 0.438343 seconds (0d 0h 0m 0s)

---------------  T H R E A D  ---------------

Current thread (0x00000256a9220ba0):  JavaThread "main" [_thread_in_native, id=16108, stack(0x0000005aa7700000,0x0000005aa7800000)]

Stack: [0x0000005aa7700000,0x0000005aa7800000],  sp=0x0000005aa77ff088,  free space=1020k
Native frames: (J=compiled Java code, j=interpreted, Vv=VM code, C=native code)
C  [lwjgl_opengl.dll+0xe1b7]

Java frames: (J=compiled Java code, j=interpreted, Vv=VM code)
j  org.lwjgl.opengl.GL20C.glCreateShader(I)I+0
j  org.lwjgl.opengl.GL20.glCreateShader(I)I+1
j  simpleEngine.shader.ShaderProgram$Companion.loadShader(Ljava/lang/String;I)I+22
j  simpleEngine.shader.ShaderProgram.<init>(Ljava/lang/String;Ljava/lang/String;)V+24
j  simpleEngine.shader.StaticShader.<init>()V+5
j  MyGame.<init>()V+31
j  MainKt.main()V+27
j  MainKt.main([Ljava/lang/String;)V+0
v  ~StubRoutines::call_stub

siginfo: EXCEPTION_ACCESS_VIOLATION (0xc0000005), reading address 0x0000000000000e38


Register to memory mapping:

RIP=0x00007ffe020de1b7 lwjgl_opengl.dll
RAX=0x00000256c806bcf0 points into unknown readable memory: 0x0000000000000000 | 00 00 00 00 00 00 00 00
RBX={method} {0x00000256c78eedc0} 'glCreateShader' '(I)I' in 'org/lwjgl/opengl/GL20C'
RCX=0x0 is NULL
RDX=0x0000005aa77ff110 is pointing into the stack for thread: 0x00000256a9220ba0
RSP=0x0000005aa77ff088 is pointing into the stack for thread: 0x00000256a9220ba0
RBP=0x0000005aa77ff100 is pointing into the stack for thread: 0x00000256a9220ba0
RSI=0x00000000000001d8 is an unknown value
RDI=0x00000256b0a294fe is at code_begin+1118 in an Interpreter codelet
return entry points  [0x00000256b0a290a0, 0x00000256b0a29ba0]  2816 bytes
R8 =0x0000000000008b31 is an unknown value
R9 =0x0000000000000002 is an unknown value
R10=0x00000256b0a2d5f2 is at code_begin+946 in an Interpreter codelet
method entry point (kind = native)  [0x00000256b0a2d240, 0x00000256b0a2dbc0]  2432 bytes
R11=0x00000000919e6b18 is an oop: java.lang.Class 
{0x00000000919e6b18} - klass: 'java/lang/Class'
 - ---- fields (total size 54 words):
 - private volatile transient 'classRedefinedCount' 'I' @12  0
 - private volatile transient 'cachedConstructor' 'Ljava/lang/reflect/Constructor;' @40  NULL (0)
 - private transient 'name' 'Ljava/lang/String;' @44  "org.lwjgl.opengl.GL20C"{0x00000000919e6cd8} (919e6cd8)
 - private transient 'module' 'Ljava/lang/Module;' @48  a 'java/lang/Module'{0x0000000092168418} (92168418)
 - private final 'classLoader' 'Ljava/lang/ClassLoader;' @52  a 'jdk/internal/loader/ClassLoaders$AppClassLoader'{0x0000000092168258} (92168258)
 - private transient 'classData' 'Ljava/lang/Object;' @56  NULL (0)
 - private transient 'packageName' 'Ljava/lang/String;' @60  "org.lwjgl.opengl"{0x0000000091ece908} (91ece908)
 - private final 'componentType' 'Ljava/lang/Class;' @64  NULL (0)
 - private volatile transient 'reflectionData' 'Ljava/lang/ref/SoftReference;' @68  NULL (0)
 - private volatile transient 'genericInfo' 'Lsun/reflect/generics/repository/ClassRepository;' @72  NULL (0)
 - private volatile transient 'enumConstants' '[Ljava/lang/Object;' @76  NULL (0)
 - private volatile transient 'enumConstantDirectory' 'Ljava/util/Map;' @80  NULL (0)
 - private volatile transient 'annotationData' 'Ljava/lang/Class$AnnotationData;' @84  NULL (0)
 - private volatile transient 'annotationType' 'Lsun/reflect/annotation/AnnotationType;' @88  NULL (0)
 - transient 'classValueMap' 'Ljava/lang/ClassValue$ClassValueMap;' @92  NULL (0)
 - signature: Lorg/lwjgl/opengl/GL20C;
 - fake entry for mirror: 'org/lwjgl/opengl/GL20C'
 - fake entry for array: NULL
 - fake entry for oop_size: 54
 - fake entry for static_oop_field_count: 0
 - public static final 'GL_SHADING_LANGUAGE_VERSION' 'I' @112  35724 (8b8c)
 - public static final 'GL_CURRENT_PROGRAM' 'I' @116  35725 (8b8d)
 - public static final 'GL_SHADER_TYPE' 'I' @120  35663 (8b4f)
 - public static final 'GL_DELETE_STATUS' 'I' @124  35712 (8b80)
 - public static final 'GL_COMPILE_STATUS' 'I' @128  35713 (8b81)
 - public static final 'GL_LINK_STATUS' 'I' @132  35714 (8b82)
 - public static final 'GL_VALIDATE_STATUS' 'I' @136  35715 (8b83)
 - public static final 'GL_INFO_LOG_LENGTH' 'I' @140  35716 (8b84)
 - public static final 'GL_ATTACHED_SHADERS' 'I' @144  35717 (8b85)
 - public static final 'GL_ACTIVE_UNIFORMS' 'I' @148  35718 (8b86)
 - public static final 'GL_ACTIVE_UNIFORM_MAX_LENGTH' 'I' @152  35719 (8b87)
 - public static final 'GL_ACTIVE_ATTRIBUTES' 'I' @156  35721 (8b89)
 - public static final 'GL_ACTIVE_ATTRIBUTE_MAX_LENGTH' 'I' @160  35722 (8b8a)
 - public static final 'GL_SHADER_SOURCE_LENGTH' 'I' @164  35720 (8b88)
 - public static final 'GL_FLOAT_VEC2' 'I' @168  35664 (8b50)
 - public static final 'GL_FLOAT_VEC3' 'I' @172  35665 (8b51)
 - public static final 'GL_FLOAT_VEC4' 'I' @176  35666 (8b52)
 - public static final 'GL_INT_VEC2' 'I' @180  35667 (8b53)
 - public static final 'GL_INT_VEC3' 'I' @184  35668 (8b54)
 - public static final 'GL_INT_VEC4' 'I' @188  35669 (8b55)
 - public static final 'GL_BOOL' 'I' @192  35670 (8b56)
 - public static final 'GL_BOOL_VEC2' 'I' @196  35671 (8b57)
 - public static final 'GL_BOOL_VEC3' 'I' @200  35672 (8b58)
 - public static final 'GL_BOOL_VEC4' 'I' @204  35673 (8b59)
 - public static final 'GL_FLOAT_MAT2' 'I' @208  35674 (8b5a)
 - public static final 'GL_FLOAT_MAT3' 'I' @212  35675 (8b5b)
 - public static final 'GL_FLOAT_MAT4' 'I' @216  35676 (8b5c)
 - public static final 'GL_SAMPLER_1D' 'I' @220  35677 (8b5d)
 - public static final 'GL_SAMPLER_2D' 'I' @224  35678 (8b5e)
 - public static final 'GL_SAMPLER_3D' 'I' @228  35679 (8b5f)
 - public static final 'GL_SAMPLER_CUBE' 'I' @232  35680 (8b60)
 - public static final 'GL_SAMPLER_1D_SHADOW' 'I' @236  35681 (8b61)
 - public static final 'GL_SAMPLER_2D_SHADOW' 'I' @240  35682 (8b62)
 - public static final 'GL_VERTEX_SHADER' 'I' @244  35633 (8b31)
 - public static final 'GL_MAX_VERTEX_UNIFORM_COMPONENTS' 'I' @248  35658 (8b4a)
 - public static final 'GL_MAX_VARYING_FLOATS' 'I' @252  35659 (8b4b)
 - public static final 'GL_MAX_VERTEX_ATTRIBS' 'I' @256  34921 (8869)
 - public static final 'GL_MAX_TEXTURE_IMAGE_UNITS' 'I' @260  34930 (8872)
 - public static final 'GL_MAX_VERTEX_TEXTURE_IMAGE_UNITS' 'I' @264  35660 (8b4c)
 - public static final 'GL_MAX_COMBINED_TEXTURE_IMAGE_UNITS' 'I' @268  35661 (8b4d)
 - public static final 'GL_VERTEX_PROGRAM_POINT_SIZE' 'I' @272  34370 (8642)
 - public static final 'GL_VERTEX_ATTRIB_ARRAY_ENABLED' 'I' @276  34338 (8622)
 - public static final 'GL_VERTEX_ATTRIB_ARRAY_SIZE' 'I' @280  34339 (8623)
 - public static final 'GL_VERTEX_ATTRIB_ARRAY_STRIDE' 'I' @284  34340 (8624)
 - public static final 'GL_VERTEX_ATTRIB_ARRAY_TYPE' 'I' @288  34341 (8625)
 - public static final 'GL_VERTEX_ATTRIB_ARRAY_NORMALIZED' 'I' @292  34922 (886a)
 - public static final 'GL_CURRENT_VERTEX_ATTRIB' 'I' @296  34342 (8626)
 - public static final 'GL_VERTEX_ATTRIB_ARRAY_POINTER' 'I' @300  34373 (8645)
 - public static final 'GL_FRAGMENT_SHADER' 'I' @304  35632 (8b30)
 - public static final 'GL_MAX_FRAGMENT_UNIFORM_COMPONENTS' 'I' @308  35657 (8b49)
 - public static final 'GL_FRAGMENT_SHADER_DERIVATIVE_HINT' 'I' @312  35723 (8b8b)
 - public static final 'GL_MAX_DRAW_BUFFERS' 'I' @316  34852 (8824)
 - public static final 'GL_DRAW_BUFFER0' 'I' @320  34853 (8825)
 - public static final 'GL_DRAW_BUFFER1' 'I' @324  34854 (8826)
 - public static final 'GL_DRAW_BUFFER2' 'I' @328  34855 (8827)
 - public static final 'GL_DRAW_BUFFER3' 'I' @332  34856 (8828)
 - public static final 'GL_DRAW_BUFFER4' 'I' @336  34857 (8829)
 - public static final 'GL_DRAW_BUFFER5' 'I' @340  34858 (882a)
 - public static final 'GL_DRAW_BUFFER6' 'I' @344  34859 (882b)
 - public static final 'GL_DRAW_BUFFER7' 'I' @348  34860 (882c)
 - public static final 'GL_DRAW_BUFFER8' 'I' @352  34861 (882d)
 - public static final 'GL_DRAW_BUFFER9' 'I' @356  34862 (882e)
 - public static final 'GL_DRAW_BUFFER10' 'I' @360  34863 (882f)
 - public static final 'GL_DRAW_BUFFER11' 'I' @364  34864 (8830)
 - public static final 'GL_DRAW_BUFFER12' 'I' @368  34865 (8831)
 - public static final 'GL_DRAW_BUFFER13' 'I' @372  34866 (8832)
 - public static final 'GL_DRAW_BUFFER14' 'I' @376  34867 (8833)
 - public static final 'GL_DRAW_BUFFER15' 'I' @380  34868 (8834)
 - public static final 'GL_POINT_SPRITE_COORD_ORIGIN' 'I' @384  36000 (8ca0)
 - public static final 'GL_LOWER_LEFT' 'I' @388  36001 (8ca1)
 - public static final 'GL_UPPER_LEFT' 'I' @392  36002 (8ca2)
 - public static final 'GL_BLEND_EQUATION_RGB' 'I' @396  32777 (8009)
 - public static final 'GL_BLEND_EQUATION_ALPHA' 'I' @400  34877 (883d)
 - public static final 'GL_STENCIL_BACK_FUNC' 'I' @404  34816 (8800)
 - public static final 'GL_STENCIL_BACK_FAIL' 'I' @408  34817 (8801)
 - public static final 'GL_STENCIL_BACK_PASS_DEPTH_FAIL' 'I' @412  34818 (8802)
 - public static final 'GL_STENCIL_BACK_PASS_DEPTH_PASS' 'I' @416  34819 (8803)
 - public static final 'GL_STENCIL_BACK_REF' 'I' @420  36003 (8ca3)
 - public static final 'GL_STENCIL_BACK_VALUE_MASK' 'I' @424  36004 (8ca4)
 - public static final 'GL_STENCIL_BACK_WRITEMASK' 'I' @428  36005 (8ca5)
R12=0x0 is NULL
R13=0x00000256c78eeda8 is pointing into metadata
R14=0x0000005aa77ff120 is pointing into the stack for thread: 0x00000256a9220ba0
R15=0x00000256a9220ba0 is a thread


Registers:
RAX=0x00000256c806bcf0, RBX=0x00000256c78eedb8, RCX=0x0000000000000000, RDX=0x0000005aa77ff110
RSP=0x0000005aa77ff088, RBP=0x0000005aa77ff100, RSI=0x00000000000001d8, RDI=0x00000256b0a294fe
R8 =0x0000000000008b31, R9 =0x0000000000000002, R10=0x00000256b0a2d5f2, R11=0x00000000919e6b18
R12=0x0000000000000000, R13=0x00000256c78eeda8, R14=0x0000005aa77ff120, R15=0x00000256a9220ba0
RIP=0x00007ffe020de1b7, EFLAGS=0x0000000000010202

Top of Stack: (sp=0x0000005aa77ff088)
0x0000005aa77ff088:   00000256b0a2d621 00000256c78eedb8
0x0000005aa77ff098:   00000000000001d8 00000256c7814e78
0x0000005aa77ff0a8:   00000256a9220ba0 00000256b0a2d2f6
0x0000005aa77ff0b8:   0000005aa77ff0b8 00000256c78eeda8
0x0000005aa77ff0c8:   0000005aa77ff120 00000256c791a3d0
0x0000005aa77ff0d8:   0000000000000000 00000000919e6b18
0x0000005aa77ff0e8:   00000256c78eedb8 0000000000000000
0x0000005aa77ff0f8:   0000005aa77ff120 0000005aa77ff170
0x0000005aa77ff108:   00000256b0a29612 00000000919e6b18
0x0000005aa77ff118:   00000256b0a2af76 0000000000008b31
0x0000005aa77ff128:   0000005aa77ff128 00000256c7814e51
0x0000005aa77ff138:   0000005aa77ff180 00000256c7873a60
0x0000005aa77ff148:   0000000000000000 0000000091df3518
0x0000005aa77ff158:   00000256c7814e78 0000005aa77ff120
0x0000005aa77ff168:   0000005aa77ff180 0000005aa77ff1d0
0x0000005aa77ff178:   00000256b0a29612 0000000000008b31 

Instructions: (pc=0x00007ffe020de1b7)
0x00007ffe020de0b7:   8b c8 4c 8b 50 18 49 ff a2 f8 0d 00 00 cc cc cc
0x00007ffe020de0c7:   cc cc cc cc cc cc cc cc cc 48 8b 01 41 8b c8 48
0x00007ffe020de0d7:   8b 50 18 48 ff a2 00 0e 00 00 cc cc cc cc cc cc
0x00007ffe020de0e7:   cc cc cc cc cc cc cc cc cc 48 8b 01 45 8b d8 4c
0x00007ffe020de0f7:   8b 44 24 28 41 8b d1 41 8b cb 4c 8b 50 18 49 ff
0x00007ffe020de107:   a2 08 0e 00 00 cc cc cc cc 48 8b 01 45 8b d8 4c
0x00007ffe020de117:   8b 44 24 28 41 8b d1 41 8b cb 4c 8b 50 18 49 ff
0x00007ffe020de127:   a2 10 0e 00 00 cc cc cc cc 48 8b 01 45 8b d8 4c
0x00007ffe020de137:   8b 44 24 28 41 8b d1 41 8b cb 4c 8b 50 18 49 ff
0x00007ffe020de147:   a2 18 0e 00 00 cc cc cc cc 48 8b 01 48 8b 48 18
0x00007ffe020de157:   48 8b 81 20 0e 00 00 48 ff e0 cc cc cc cc cc cc
0x00007ffe020de167:   cc cc cc cc cc cc cc cc cc 48 8b 01 41 8b c8 48
0x00007ffe020de177:   8b 50 18 48 ff a2 28 0e 00 00 cc cc cc cc cc cc
0x00007ffe020de187:   cc cc cc cc cc cc cc cc cc 48 8b 01 48 8b 48 18
0x00007ffe020de197:   48 8b 81 30 0e 00 00 41 8b c8 48 ff e0 cc cc cc
0x00007ffe020de1a7:   cc cc cc cc cc cc cc cc cc 48 8b 01 48 8b 48 18
0x00007ffe020de1b7:   48 8b 81 38 0e 00 00 41 8b c8 48 ff e0 cc cc cc
0x00007ffe020de1c7:   cc cc cc cc cc cc cc cc cc 48 8b 01 41 8b c8 48
0x00007ffe020de1d7:   8b 50 18 48 ff a2 40 0e 00 00 cc cc cc cc cc cc
0x00007ffe020de1e7:   cc cc cc cc cc cc cc cc cc 48 8b 01 48 8b 48 18
0x00007ffe020de1f7:   48 8b 81 48 0e 00 00 41 8b c8 48 ff e0 cc cc cc
0x00007ffe020de207:   cc cc cc cc cc cc cc cc cc 48 8b 01 41 8b d1 41
0x00007ffe020de217:   8b c8 4c 8b 50 18 49 ff a2 50 0e 00 00 cc cc cc
0x00007ffe020de227:   cc cc cc cc cc cc cc cc cc 48 8b 01 41 8b d1 41
0x00007ffe020de237:   8b c8 4c 8b 50 18 49 ff a2 58 0e 00 00 cc cc cc
0x00007ffe020de247:   cc cc cc cc cc cc cc cc cc 40 53 48 8b 01 41 8b
0x00007ffe020de257:   d8 4c 8b 44 24 30 41 8b d1 4c 8b 4c 24 38 8b cb
0x00007ffe020de267:   4c 8b 50 18 5b 49 ff a2 60 0e 00 00 cc cc cc cc
0x00007ffe020de277:   cc cc cc cc cc cc cc cc cc 48 8b 01 41 8b c8 48
0x00007ffe020de287:   8b 50 18 48 ff a2 68 0e 00 00 cc cc cc cc cc cc
0x00007ffe020de297:   cc cc cc cc cc cc cc cc cc 48 8b 01 41 8b c8 48
0x00007ffe020de2a7:   8b 50 18 48 ff a2 70 0e 00 00 cc cc cc cc cc cc 


Stack slot to memory mapping:
stack at sp + 0 slots: 0x00000256b0a2d621 is at code_begin+993 in an Interpreter codelet
method entry point (kind = native)  [0x00000256b0a2d240, 0x00000256b0a2dbc0]  2432 bytes
stack at sp + 1 slots: {method} {0x00000256c78eedc0} 'glCreateShader' '(I)I' in 'org/lwjgl/opengl/GL20C'
stack at sp + 2 slots: 0x00000000000001d8 is an unknown value
stack at sp + 3 slots: {method} {0x00000256c7814e80} 'glCreateShader' '(I)I' in 'org/lwjgl/opengl/GL20'
stack at sp + 4 slots: 0x00000256a9220ba0 is a thread
stack at sp + 5 slots: 0x00000256b0a2d2f6 is at code_begin+182 in an Interpreter codelet
method entry point (kind = native)  [0x00000256b0a2d240, 0x00000256b0a2dbc0]  2432 bytes
stack at sp + 6 slots: 0x0000005aa77ff0b8 is pointing into the stack for thread: 0x00000256a9220ba0
stack at sp + 7 slots: 0x00000256c78eeda8 is pointing into metadata


---------------  P R O C E S S  ---------------

Threads class SMR info:
_java_thread_list=0x00000256c7dcad40, length=14, elements={
0x00000256a9220ba0, 0x00000256c7110520, 0x00000256c7112ee0, 0x00000256c71241d0,
0x00000256c7124b80, 0x00000256c7126b50, 0x00000256c7127500, 0x00000256c7128290,
0x00000256c7130d40, 0x00000256c7133de0, 0x00000256c70f6c70, 0x00000256c7dfa750,
0x00000256c7fdee20, 0x00000256c7efc790
}

Java Threads: ( => current thread )
=>0x00000256a9220ba0 JavaThread "main" [_thread_in_native, id=16108, stack(0x0000005aa7700000,0x0000005aa7800000)]
  0x00000256c7110520 JavaThread "Reference Handler" daemon [_thread_blocked, id=8688, stack(0x0000005aa7e00000,0x0000005aa7f00000)]
  0x00000256c7112ee0 JavaThread "Finalizer" daemon [_thread_blocked, id=4944, stack(0x0000005aa7f00000,0x0000005aa8000000)]
  0x00000256c71241d0 JavaThread "Signal Dispatcher" daemon [_thread_blocked, id=15548, stack(0x0000005aa8000000,0x0000005aa8100000)]
  0x00000256c7124b80 JavaThread "Attach Listener" daemon [_thread_blocked, id=6772, stack(0x0000005aa8100000,0x0000005aa8200000)]
  0x00000256c7126b50 JavaThread "Service Thread" daemon [_thread_blocked, id=9136, stack(0x0000005aa8200000,0x0000005aa8300000)]
  0x00000256c7127500 JavaThread "Monitor Deflation Thread" daemon [_thread_blocked, id=4040, stack(0x0000005aa8300000,0x0000005aa8400000)]
  0x00000256c7128290 JavaThread "C2 CompilerThread0" daemon [_thread_blocked, id=16016, stack(0x0000005aa8400000,0x0000005aa8500000)]
  0x00000256c7130d40 JavaThread "C1 CompilerThread0" daemon [_thread_blocked, id=2448, stack(0x0000005aa8500000,0x0000005aa8600000)]
  0x00000256c7133de0 JavaThread "Sweeper thread" daemon [_thread_blocked, id=11736, stack(0x0000005aa8600000,0x0000005aa8700000)]
  0x00000256c70f6c70 JavaThread "Common-Cleaner" daemon [_thread_blocked, id=13744, stack(0x0000005aa8700000,0x0000005aa8800000)]
  0x00000256c7dfa750 JavaThread "C2 CompilerThread1" daemon [_thread_blocked, id=13556, stack(0x0000005aa8800000,0x0000005aa8900000)]
  0x00000256c7fdee20 JavaThread "Monitor Ctrl-Break" daemon [_thread_in_native, id=13692, stack(0x0000005aa8900000,0x0000005aa8a00000)]
  0x00000256c7efc790 JavaThread "Notification Thread" daemon [_thread_blocked, id=4376, stack(0x0000005aa8a00000,0x0000005aa8b00000)]

Other Threads:
  0x00000256c710aa80 VMThread "VM Thread" [stack: 0x0000005aa7d00000,0x0000005aa7e00000] [id=5504]
  0x00000256c7ee21a0 WatcherThread [stack: 0x0000005aa8b00000,0x0000005aa8c00000] [id=10720]
  0x00000256a925dc40 GCTaskThread "GC Thread#0" [stack: 0x0000005aa7800000,0x0000005aa7900000] [id=14960]
  0x00000256a926d600 ConcurrentGCThread "G1 Main Marker" [stack: 0x0000005aa7900000,0x0000005aa7a00000] [id=11916]
  0x00000256a926f180 ConcurrentGCThread "G1 Conc#0" [stack: 0x0000005aa7a00000,0x0000005aa7b00000] [id=14572]
  0x00000256a92e2af0 ConcurrentGCThread "G1 Refine#0" [stack: 0x0000005aa7b00000,0x0000005aa7c00000] [id=12964]
  0x00000256c6fd1680 ConcurrentGCThread "G1 Service" [stack: 0x0000005aa7c00000,0x0000005aa7d00000] [id=14360]

Threads with active compile tasks:

VM state: not at safepoint (normal execution)

VM Mutex/Monitor currently owned by a thread: None

Heap address: 0x000000008ac00000, size: 1876 MB, Compressed Oops mode: 32-bit

CDS archive(s) mapped at: [0x0000000800000000-0x0000000800bc0000-0x0000000800bc0000), size 12320768, SharedBaseAddress: 0x0000000800000000, ArchiveRelocationMode: 0.
Compressed class space mapped at: 0x0000000800c00000-0x0000000840c00000, reserved size: 1073741824
Narrow klass base: 0x0000000800000000, Narrow klass shift: 0, Narrow klass range: 0x100000000

GC Precious Log:
 CPUs: 12 total, 12 available
 Memory: 7502M
 Large Page Support: Disabled
 NUMA Support: Disabled
 Compressed Oops: Enabled (32-bit)
 Heap Region Size: 1M
 Heap Min Capacity: 8M
 Heap Initial Capacity: 118M
 Heap Max Capacity: 1876M
 Pre-touch: Disabled
 Parallel Workers: 10
 Concurrent Workers: 3
 Concurrent Refinement Workers: 10
 Periodic GC: Disabled

Heap:
 garbage-first heap   total 120832K, used 8192K [0x000000008ac00000, 0x0000000100000000)
  region size 1024K, 9 young (9216K), 0 survivors (0K)
 Metaspace       used 3166K, committed 3328K, reserved 1056768K
  class space    used 235K, committed 320K, reserved 1048576K

Heap Regions: E=young(eden), S=young(survivor), O=old, HS=humongous(starts), HC=humongous(continues), CS=collection set, F=free, OA=open archive, CA=closed archive, TAMS=top-at-mark-start (previous, next)
|   0|0x000000008ac00000, 0x000000008ac00000, 0x000000008ad00000|  0%| F|  |TAMS 0x000000008ac00000, 0x000000008ac00000| Untracked 
|   1|0x000000008ad00000, 0x000000008ad00000, 0x000000008ae00000|  0%| F|  |TAMS 0x000000008ad00000, 0x000000008ad00000| Untracked 
|   2|0x000000008ae00000, 0x000000008ae00000, 0x000000008af00000|  0%| F|  |TAMS 0x000000008ae00000, 0x000000008ae00000| Untracked 
|   3|0x000000008af00000, 0x000000008af00000, 0x000000008b000000|  0%| F|  |TAMS 0x000000008af00000, 0x000000008af00000| Untracked 
|   4|0x000000008b000000, 0x000000008b000000, 0x000000008b100000|  0%| F|  |TAMS 0x000000008b000000, 0x000000008b000000| Untracked 
|   5|0x000000008b100000, 0x000000008b100000, 0x000000008b200000|  0%| F|  |TAMS 0x000000008b100000, 0x000000008b100000| Untracked 
|   6|0x000000008b200000, 0x000000008b200000, 0x000000008b300000|  0%| F|  |TAMS 0x000000008b200000, 0x000000008b200000| Untracked 
|   7|0x000000008b300000, 0x000000008b300000, 0x000000008b400000|  0%| F|  |TAMS 0x000000008b300000, 0x000000008b300000| Untracked 
|   8|0x000000008b400000, 0x000000008b400000, 0x000000008b500000|  0%| F|  |TAMS 0x000000008b400000, 0x000000008b400000| Untracked 
|   9|0x000000008b500000, 0x000000008b500000, 0x000000008b600000|  0%| F|  |TAMS 0x000000008b500000, 0x000000008b500000| Untracked 
|  10|0x000000008b600000, 0x000000008b600000, 0x000000008b700000|  0%| F|  |TAMS 0x000000008b600000, 0x000000008b600000| Untracked 
|  11|0x000000008b700000, 0x000000008b700000, 0x000000008b800000|  0%| F|  |TAMS 0x000000008b700000, 0x000000008b700000| Untracked 
|  12|0x000000008b800000, 0x000000008b800000, 0x000000008b900000|  0%| F|  |TAMS 0x000000008b800000, 0x000000008b800000| Untracked 
|  13|0x000000008b900000, 0x000000008b900000, 0x000000008ba00000|  0%| F|  |TAMS 0x000000008b900000, 0x000000008b900000| Untracked 
|  14|0x000000008ba00000, 0x000000008ba00000, 0x000000008bb00000|  0%| F|  |TAMS 0x000000008ba00000, 0x000000008ba00000| Untracked 
|  15|0x000000008bb00000, 0x000000008bb00000, 0x000000008bc00000|  0%| F|  |TAMS 0x000000008bb00000, 0x000000008bb00000| Untracked 
|  16|0x000000008bc00000, 0x000000008bc00000, 0x000000008bd00000|  0%| F|  |TAMS 0x000000008bc00000, 0x000000008bc00000| Untracked 
|  17|0x000000008bd00000, 0x000000008bd00000, 0x000000008be00000|  0%| F|  |TAMS 0x000000008bd00000, 0x000000008bd00000| Untracked 
|  18|0x000000008be00000, 0x000000008be00000, 0x000000008bf00000|  0%| F|  |TAMS 0x000000008be00000, 0x000000008be00000| Untracked 
|  19|0x000000008bf00000, 0x000000008bf00000, 0x000000008c000000|  0%| F|  |TAMS 0x000000008bf00000, 0x000000008bf00000| Untracked 
|  20|0x000000008c000000, 0x000000008c000000, 0x000000008c100000|  0%| F|  |TAMS 0x000000008c000000, 0x000000008c000000| Untracked 
|  21|0x000000008c100000, 0x000000008c100000, 0x000000008c200000|  0%| F|  |TAMS 0x000000008c100000, 0x000000008c100000| Untracked 
|  22|0x000000008c200000, 0x000000008c200000, 0x000000008c300000|  0%| F|  |TAMS 0x000000008c200000, 0x000000008c200000| Untracked 
|  23|0x000000008c300000, 0x000000008c300000, 0x000000008c400000|  0%| F|  |TAMS 0x000000008c300000, 0x000000008c300000| Untracked 
|  24|0x000000008c400000, 0x000000008c400000, 0x000000008c500000|  0%| F|  |TAMS 0x000000008c400000, 0x000000008c400000| Untracked 
|  25|0x000000008c500000, 0x000000008c500000, 0x000000008c600000|  0%| F|  |TAMS 0x000000008c500000, 0x000000008c500000| Untracked 
|  26|0x000000008c600000, 0x000000008c600000, 0x000000008c700000|  0%| F|  |TAMS 0x000000008c600000, 0x000000008c600000| Untracked 
|  27|0x000000008c700000, 0x000000008c700000, 0x000000008c800000|  0%| F|  |TAMS 0x000000008c700000, 0x000000008c700000| Untracked 
|  28|0x000000008c800000, 0x000000008c800000, 0x000000008c900000|  0%| F|  |TAMS 0x000000008c800000, 0x000000008c800000| Untracked 
|  29|0x000000008c900000, 0x000000008c900000, 0x000000008ca00000|  0%| F|  |TAMS 0x000000008c900000, 0x000000008c900000| Untracked 
|  30|0x000000008ca00000, 0x000000008ca00000, 0x000000008cb00000|  0%| F|  |TAMS 0x000000008ca00000, 0x000000008ca00000| Untracked 
|  31|0x000000008cb00000, 0x000000008cb00000, 0x000000008cc00000|  0%| F|  |TAMS 0x000000008cb00000, 0x000000008cb00000| Untracked 
|  32|0x000000008cc00000, 0x000000008cc00000, 0x000000008cd00000|  0%| F|  |TAMS 0x000000008cc00000, 0x000000008cc00000| Untracked 
|  33|0x000000008cd00000, 0x000000008cd00000, 0x000000008ce00000|  0%| F|  |TAMS 0x000000008cd00000, 0x000000008cd00000| Untracked 
|  34|0x000000008ce00000, 0x000000008ce00000, 0x000000008cf00000|  0%| F|  |TAMS 0x000000008ce00000, 0x000000008ce00000| Untracked 
|  35|0x000000008cf00000, 0x000000008cf00000, 0x000000008d000000|  0%| F|  |TAMS 0x000000008cf00000, 0x000000008cf00000| Untracked 
|  36|0x000000008d000000, 0x000000008d000000, 0x000000008d100000|  0%| F|  |TAMS 0x000000008d000000, 0x000000008d000000| Untracked 
|  37|0x000000008d100000, 0x000000008d100000, 0x000000008d200000|  0%| F|  |TAMS 0x000000008d100000, 0x000000008d100000| Untracked 
|  38|0x000000008d200000, 0x000000008d200000, 0x000000008d300000|  0%| F|  |TAMS 0x000000008d200000, 0x000000008d200000| Untracked 
|  39|0x000000008d300000, 0x000000008d300000, 0x000000008d400000|  0%| F|  |TAMS 0x000000008d300000, 0x000000008d300000| Untracked 
|  40|0x000000008d400000, 0x000000008d400000, 0x000000008d500000|  0%| F|  |TAMS 0x000000008d400000, 0x000000008d400000| Untracked 
|  41|0x000000008d500000, 0x000000008d500000, 0x000000008d600000|  0%| F|  |TAMS 0x000000008d500000, 0x000000008d500000| Untracked 
|  42|0x000000008d600000, 0x000000008d600000, 0x000000008d700000|  0%| F|  |TAMS 0x000000008d600000, 0x000000008d600000| Untracked 
|  43|0x000000008d700000, 0x000000008d700000, 0x000000008d800000|  0%| F|  |TAMS 0x000000008d700000, 0x000000008d700000| Untracked 
|  44|0x000000008d800000, 0x000000008d800000, 0x000000008d900000|  0%| F|  |TAMS 0x000000008d800000, 0x000000008d800000| Untracked 
|  45|0x000000008d900000, 0x000000008d900000, 0x000000008da00000|  0%| F|  |TAMS 0x000000008d900000, 0x000000008d900000| Untracked 
|  46|0x000000008da00000, 0x000000008da00000, 0x000000008db00000|  0%| F|  |TAMS 0x000000008da00000, 0x000000008da00000| Untracked 
|  47|0x000000008db00000, 0x000000008db00000, 0x000000008dc00000|  0%| F|  |TAMS 0x000000008db00000, 0x000000008db00000| Untracked 
|  48|0x000000008dc00000, 0x000000008dc00000, 0x000000008dd00000|  0%| F|  |TAMS 0x000000008dc00000, 0x000000008dc00000| Untracked 
|  49|0x000000008dd00000, 0x000000008dd00000, 0x000000008de00000|  0%| F|  |TAMS 0x000000008dd00000, 0x000000008dd00000| Untracked 
|  50|0x000000008de00000, 0x000000008de00000, 0x000000008df00000|  0%| F|  |TAMS 0x000000008de00000, 0x000000008de00000| Untracked 
|  51|0x000000008df00000, 0x000000008df00000, 0x000000008e000000|  0%| F|  |TAMS 0x000000008df00000, 0x000000008df00000| Untracked 
|  52|0x000000008e000000, 0x000000008e000000, 0x000000008e100000|  0%| F|  |TAMS 0x000000008e000000, 0x000000008e000000| Untracked 
|  53|0x000000008e100000, 0x000000008e100000, 0x000000008e200000|  0%| F|  |TAMS 0x000000008e100000, 0x000000008e100000| Untracked 
|  54|0x000000008e200000, 0x000000008e200000, 0x000000008e300000|  0%| F|  |TAMS 0x000000008e200000, 0x000000008e200000| Untracked 
|  55|0x000000008e300000, 0x000000008e300000, 0x000000008e400000|  0%| F|  |TAMS 0x000000008e300000, 0x000000008e300000| Untracked 
|  56|0x000000008e400000, 0x000000008e400000, 0x000000008e500000|  0%| F|  |TAMS 0x000000008e400000, 0x000000008e400000| Untracked 
|  57|0x000000008e500000, 0x000000008e500000, 0x000000008e600000|  0%| F|  |TAMS 0x000000008e500000, 0x000000008e500000| Untracked 
|  58|0x000000008e600000, 0x000000008e600000, 0x000000008e700000|  0%| F|  |TAMS 0x000000008e600000, 0x000000008e600000| Untracked 
|  59|0x000000008e700000, 0x000000008e700000, 0x000000008e800000|  0%| F|  |TAMS 0x000000008e700000, 0x000000008e700000| Untracked 
|  60|0x000000008e800000, 0x000000008e800000, 0x000000008e900000|  0%| F|  |TAMS 0x000000008e800000, 0x000000008e800000| Untracked 
|  61|0x000000008e900000, 0x000000008e900000, 0x000000008ea00000|  0%| F|  |TAMS 0x000000008e900000, 0x000000008e900000| Untracked 
|  62|0x000000008ea00000, 0x000000008ea00000, 0x000000008eb00000|  0%| F|  |TAMS 0x000000008ea00000, 0x000000008ea00000| Untracked 
|  63|0x000000008eb00000, 0x000000008eb00000, 0x000000008ec00000|  0%| F|  |TAMS 0x000000008eb00000, 0x000000008eb00000| Untracked 
|  64|0x000000008ec00000, 0x000000008ec00000, 0x000000008ed00000|  0%| F|  |TAMS 0x000000008ec00000, 0x000000008ec00000| Untracked 
|  65|0x000000008ed00000, 0x000000008ed00000, 0x000000008ee00000|  0%| F|  |TAMS 0x000000008ed00000, 0x000000008ed00000| Untracked 
|  66|0x000000008ee00000, 0x000000008ee00000, 0x000000008ef00000|  0%| F|  |TAMS 0x000000008ee00000, 0x000000008ee00000| Untracked 
|  67|0x000000008ef00000, 0x000000008ef00000, 0x000000008f000000|  0%| F|  |TAMS 0x000000008ef00000, 0x000000008ef00000| Untracked 
|  68|0x000000008f000000, 0x000000008f000000, 0x000000008f100000|  0%| F|  |TAMS 0x000000008f000000, 0x000000008f000000| Untracked 
|  69|0x000000008f100000, 0x000000008f100000, 0x000000008f200000|  0%| F|  |TAMS 0x000000008f100000, 0x000000008f100000| Untracked 
|  70|0x000000008f200000, 0x000000008f200000, 0x000000008f300000|  0%| F|  |TAMS 0x000000008f200000, 0x000000008f200000| Untracked 
|  71|0x000000008f300000, 0x000000008f300000, 0x000000008f400000|  0%| F|  |TAMS 0x000000008f300000, 0x000000008f300000| Untracked 
|  72|0x000000008f400000, 0x000000008f400000, 0x000000008f500000|  0%| F|  |TAMS 0x000000008f400000, 0x000000008f400000| Untracked 
|  73|0x000000008f500000, 0x000000008f500000, 0x000000008f600000|  0%| F|  |TAMS 0x000000008f500000, 0x000000008f500000| Untracked 
|  74|0x000000008f600000, 0x000000008f600000, 0x000000008f700000|  0%| F|  |TAMS 0x000000008f600000, 0x000000008f600000| Untracked 
|  75|0x000000008f700000, 0x000000008f700000, 0x000000008f800000|  0%| F|  |TAMS 0x000000008f700000, 0x000000008f700000| Untracked 
|  76|0x000000008f800000, 0x000000008f800000, 0x000000008f900000|  0%| F|  |TAMS 0x000000008f800000, 0x000000008f800000| Untracked 
|  77|0x000000008f900000, 0x000000008f900000, 0x000000008fa00000|  0%| F|  |TAMS 0x000000008f900000, 0x000000008f900000| Untracked 
|  78|0x000000008fa00000, 0x000000008fa00000, 0x000000008fb00000|  0%| F|  |TAMS 0x000000008fa00000, 0x000000008fa00000| Untracked 
|  79|0x000000008fb00000, 0x000000008fb00000, 0x000000008fc00000|  0%| F|  |TAMS 0x000000008fb00000, 0x000000008fb00000| Untracked 
|  80|0x000000008fc00000, 0x000000008fc00000, 0x000000008fd00000|  0%| F|  |TAMS 0x000000008fc00000, 0x000000008fc00000| Untracked 
|  81|0x000000008fd00000, 0x000000008fd00000, 0x000000008fe00000|  0%| F|  |TAMS 0x000000008fd00000, 0x000000008fd00000| Untracked 
|  82|0x000000008fe00000, 0x000000008fe00000, 0x000000008ff00000|  0%| F|  |TAMS 0x000000008fe00000, 0x000000008fe00000| Untracked 
|  83|0x000000008ff00000, 0x000000008ff00000, 0x0000000090000000|  0%| F|  |TAMS 0x000000008ff00000, 0x000000008ff00000| Untracked 
|  84|0x0000000090000000, 0x0000000090000000, 0x0000000090100000|  0%| F|  |TAMS 0x0000000090000000, 0x0000000090000000| Untracked 
|  85|0x0000000090100000, 0x0000000090100000, 0x0000000090200000|  0%| F|  |TAMS 0x0000000090100000, 0x0000000090100000| Untracked 
|  86|0x0000000090200000, 0x0000000090200000, 0x0000000090300000|  0%| F|  |TAMS 0x0000000090200000, 0x0000000090200000| Untracked 
|  87|0x0000000090300000, 0x0000000090300000, 0x0000000090400000|  0%| F|  |TAMS 0x0000000090300000, 0x0000000090300000| Untracked 
|  88|0x0000000090400000, 0x0000000090400000, 0x0000000090500000|  0%| F|  |TAMS 0x0000000090400000, 0x0000000090400000| Untracked 
|  89|0x0000000090500000, 0x0000000090500000, 0x0000000090600000|  0%| F|  |TAMS 0x0000000090500000, 0x0000000090500000| Untracked 
|  90|0x0000000090600000, 0x0000000090600000, 0x0000000090700000|  0%| F|  |TAMS 0x0000000090600000, 0x0000000090600000| Untracked 
|  91|0x0000000090700000, 0x0000000090700000, 0x0000000090800000|  0%| F|  |TAMS 0x0000000090700000, 0x0000000090700000| Untracked 
|  92|0x0000000090800000, 0x0000000090800000, 0x0000000090900000|  0%| F|  |TAMS 0x0000000090800000, 0x0000000090800000| Untracked 
|  93|0x0000000090900000, 0x0000000090900000, 0x0000000090a00000|  0%| F|  |TAMS 0x0000000090900000, 0x0000000090900000| Untracked 
|  94|0x0000000090a00000, 0x0000000090a00000, 0x0000000090b00000|  0%| F|  |TAMS 0x0000000090a00000, 0x0000000090a00000| Untracked 
|  95|0x0000000090b00000, 0x0000000090b00000, 0x0000000090c00000|  0%| F|  |TAMS 0x0000000090b00000, 0x0000000090b00000| Untracked 
|  96|0x0000000090c00000, 0x0000000090c00000, 0x0000000090d00000|  0%| F|  |TAMS 0x0000000090c00000, 0x0000000090c00000| Untracked 
|  97|0x0000000090d00000, 0x0000000090d00000, 0x0000000090e00000|  0%| F|  |TAMS 0x0000000090d00000, 0x0000000090d00000| Untracked 
|  98|0x0000000090e00000, 0x0000000090e00000, 0x0000000090f00000|  0%| F|  |TAMS 0x0000000090e00000, 0x0000000090e00000| Untracked 
|  99|0x0000000090f00000, 0x0000000090f00000, 0x0000000091000000|  0%| F|  |TAMS 0x0000000090f00000, 0x0000000090f00000| Untracked 
| 100|0x0000000091000000, 0x0000000091000000, 0x0000000091100000|  0%| F|  |TAMS 0x0000000091000000, 0x0000000091000000| Untracked 
| 101|0x0000000091100000, 0x0000000091100000, 0x0000000091200000|  0%| F|  |TAMS 0x0000000091100000, 0x0000000091100000| Untracked 
| 102|0x0000000091200000, 0x0000000091200000, 0x0000000091300000|  0%| F|  |TAMS 0x0000000091200000, 0x0000000091200000| Untracked 
| 103|0x0000000091300000, 0x0000000091300000, 0x0000000091400000|  0%| F|  |TAMS 0x0000000091300000, 0x0000000091300000| Untracked 
| 104|0x0000000091400000, 0x0000000091400000, 0x0000000091500000|  0%| F|  |TAMS 0x0000000091400000, 0x0000000091400000| Untracked 
| 105|0x0000000091500000, 0x0000000091500000, 0x0000000091600000|  0%| F|  |TAMS 0x0000000091500000, 0x0000000091500000| Untracked 
| 106|0x0000000091600000, 0x0000000091600000, 0x0000000091700000|  0%| F|  |TAMS 0x0000000091600000, 0x0000000091600000| Untracked 
| 107|0x0000000091700000, 0x0000000091700000, 0x0000000091800000|  0%| F|  |TAMS 0x0000000091700000, 0x0000000091700000| Untracked 
| 108|0x0000000091800000, 0x0000000091800000, 0x0000000091900000|  0%| F|  |TAMS 0x0000000091800000, 0x0000000091800000| Untracked 
| 109|0x0000000091900000, 0x00000000919fd388, 0x0000000091a00000| 98%| E|  |TAMS 0x0000000091900000, 0x0000000091900000| Complete 
| 110|0x0000000091a00000, 0x0000000091b00000, 0x0000000091b00000|100%| E|CS|TAMS 0x0000000091a00000, 0x0000000091a00000| Complete 
| 111|0x0000000091b00000, 0x0000000091c00000, 0x0000000091c00000|100%| E|CS|TAMS 0x0000000091b00000, 0x0000000091b00000| Complete 
| 112|0x0000000091c00000, 0x0000000091d00000, 0x0000000091d00000|100%| E|CS|TAMS 0x0000000091c00000, 0x0000000091c00000| Complete 
| 113|0x0000000091d00000, 0x0000000091e00000, 0x0000000091e00000|100%| E|CS|TAMS 0x0000000091d00000, 0x0000000091d00000| Complete 
| 114|0x0000000091e00000, 0x0000000091f00000, 0x0000000091f00000|100%| E|CS|TAMS 0x0000000091e00000, 0x0000000091e00000| Complete 
| 115|0x0000000091f00000, 0x0000000092000000, 0x0000000092000000|100%| E|CS|TAMS 0x0000000091f00000, 0x0000000091f00000| Complete 
| 116|0x0000000092000000, 0x0000000092100000, 0x0000000092100000|100%| E|CS|TAMS 0x0000000092000000, 0x0000000092000000| Complete 
| 117|0x0000000092100000, 0x0000000092200000, 0x0000000092200000|100%| E|CS|TAMS 0x0000000092100000, 0x0000000092100000| Complete 

Card table byte_map: [0x00000256c0320000,0x00000256c06d0000] _byte_map_base: 0x00000256bfeca000

Marking Bits (Prev, Next): (CMBitMap*) 0x00000256a925e250, (CMBitMap*) 0x00000256a925e290
 Prev Bits: [0x00000256c0a80000, 0x00000256c27d0000)
 Next Bits: [0x00000256c27d0000, 0x00000256c4520000)

Polling page: 0x00000256a89f0000

Metaspace:

Usage:
  Non-class:      2.86 MB used.
      Class:    235.84 KB used.
       Both:      3.09 MB used.

Virtual space:
  Non-class space:        8.00 MB reserved,       2.94 MB ( 37%) committed,  1 nodes.
      Class space:        1.00 GB reserved,     320.00 KB ( <1%) committed,  1 nodes.
             Both:        1.01 GB reserved,       3.25 MB ( <1%) committed. 

Chunk freelists:
   Non-Class:  2.89 MB
       Class:  3.67 MB
        Both:  6.56 MB

MaxMetaspaceSize: unlimited
CompressedClassSpaceSize: 1.00 GB
Initial GC threshold: 21.00 MB
Current GC threshold: 21.00 MB
CDS: on
MetaspaceReclaimPolicy: balanced
 - commit_granule_bytes: 65536.
 - commit_granule_words: 8192.
 - virtual_space_node_default_size: 1048576.
 - enlarge_chunks_in_place: 1.
 - new_chunks_are_fully_committed: 0.
 - uncommit_free_chunks: 1.
 - use_allocation_guard: 0.
 - handle_deallocations: 1.


Internal statistics:

num_allocs_failed_limit: 0.
num_arena_births: 62.
num_arena_deaths: 0.
num_vsnodes_births: 2.
num_vsnodes_deaths: 0.
num_space_committed: 52.
num_space_uncommitted: 0.
num_chunks_returned_to_freelist: 0.
num_chunks_taken_from_freelist: 121.
num_chunk_merges: 0.
num_chunk_splits: 81.
num_chunks_enlarged: 52.
num_purges: 0.
num_inconsistent_stats: 0.

CodeHeap 'non-profiled nmethods': size=120000Kb used=213Kb max_used=213Kb free=119786Kb
 bounds [0x00000256b84f0000, 0x00000256b8760000, 0x00000256bfa20000]
CodeHeap 'profiled nmethods': size=120000Kb used=1052Kb max_used=1052Kb free=118947Kb
 bounds [0x00000256b0fc0000, 0x00000256b1230000, 0x00000256b84f0000]
CodeHeap 'non-nmethods': size=5760Kb used=1178Kb max_used=1195Kb free=4581Kb
 bounds [0x00000256b0a20000, 0x00000256b0c90000, 0x00000256b0fc0000]
 total_blobs=1101 nmethods=623 adapters=391
 compilation: enabled
              stopped_count=0, restarted_count=0
 full_count=0

Compilation events (20 events):
Event: 0.389 Thread 0x00000256c7130d40 nmethod 607 0x00000256b10c3690 code [0x00000256b10c3840, 0x00000256b10c3aa8]
Event: 0.389 Thread 0x00000256c7130d40  610       3       java.lang.invoke.LambdaForm$Name::initIndex (26 bytes)
Event: 0.389 Thread 0x00000256c7130d40 nmethod 610 0x00000256b10c3c10 code [0x00000256b10c3da0, 0x00000256b10c3f58]
Event: 0.389 Thread 0x00000256c7130d40  608       3       java.lang.invoke.MethodType::parameterSlotCount (8 bytes)
Event: 0.389 Thread 0x00000256c7130d40 nmethod 608 0x00000256b10c4010 code [0x00000256b10c41a0, 0x00000256b10c42d8]
Event: 0.389 Thread 0x00000256c7128290  614       4       java.lang.Math::min (11 bytes)
Event: 0.389 Thread 0x00000256c7128290 nmethod 614 0x00000256b8523d90 code [0x00000256b8523f00, 0x00000256b8523f58]
Event: 0.390 Thread 0x00000256c7130d40  615       3       java.io.File::exists (34 bytes)
Event: 0.390 Thread 0x00000256c7130d40 nmethod 615 0x00000256b10c4390 code [0x00000256b10c4580, 0x00000256b10c4ac8]
Event: 0.391 Thread 0x00000256c7130d40  618       3       java.lang.Integer::toUnsignedLong (7 bytes)
Event: 0.391 Thread 0x00000256c7130d40 nmethod 618 0x00000256b10c4c90 code [0x00000256b10c4e20, 0x00000256b10c4f18]
Event: 0.391 Thread 0x00000256c7130d40  620       3       org.lwjgl.system.MemoryUtil::memPutAddress (29 bytes)
Event: 0.391 Thread 0x00000256c7128290  621       4       java.lang.Integer::toUnsignedLong (7 bytes)
Event: 0.391 Thread 0x00000256c7130d40 nmethod 620 0x00000256b10c4f90 code [0x00000256b10c5140, 0x00000256b10c5338]
Event: 0.392 Thread 0x00000256c7130d40  619       3       sun.misc.Unsafe::putLong (11 bytes)
Event: 0.392 Thread 0x00000256c7128290 nmethod 621 0x00000256b8524890 code [0x00000256b8524a00, 0x00000256b8524a58]
Event: 0.392 Thread 0x00000256c7130d40 nmethod 619 0x00000256b10c5410 code [0x00000256b10c55a0, 0x00000256b10c56b8]
Event: 0.392 Thread 0x00000256c7130d40  622       3       sun.net.util.URLUtil::urlNoFragString (114 bytes)
Event: 0.393 Thread 0x00000256c7130d40 nmethod 622 0x00000256b10c5790 code [0x00000256b10c5ac0, 0x00000256b10c6b08]
Event: 0.393 Thread 0x00000256c7128290  623       4       java.util.HashMap::getNode (150 bytes)

GC Heap History (0 events):
No events

Deoptimization events (20 events):
Event: 0.158 Thread 0x00000256a9220ba0 Uncommon trap: trap_request=0xffffff45 fr.pc=0x00000256b84fb2dc relative=0x000000000000005c
Event: 0.158 Thread 0x00000256a9220ba0 Uncommon trap: reason=unstable_if action=reinterpret pc=0x00000256b84fb2dc method=java.lang.String.isLatin1()Z @ 10 c2
Event: 0.158 Thread 0x00000256a9220ba0 DEOPT PACKING pc=0x00000256b84fb2dc sp=0x0000005aa77fe420
Event: 0.158 Thread 0x00000256a9220ba0 DEOPT UNPACKING pc=0x00000256b0a723a3 sp=0x0000005aa77fe3b0 mode 2
Event: 0.158 Thread 0x00000256a9220ba0 Uncommon trap: trap_request=0xffffff45 fr.pc=0x00000256b84f3974 relative=0x0000000000000074
Event: 0.158 Thread 0x00000256a9220ba0 Uncommon trap: reason=unstable_if action=reinterpret pc=0x00000256b84f3974 method=java.lang.String.isLatin1()Z @ 10 c2
Event: 0.158 Thread 0x00000256a9220ba0 DEOPT PACKING pc=0x00000256b84f3974 sp=0x0000005aa77fee10
Event: 0.158 Thread 0x00000256a9220ba0 DEOPT UNPACKING pc=0x00000256b0a723a3 sp=0x0000005aa77fed50 mode 2
Event: 0.183 Thread 0x00000256a9220ba0 DEOPT PACKING pc=0x00000256b0fc7151 sp=0x0000005aa77fdf60
Event: 0.183 Thread 0x00000256a9220ba0 DEOPT UNPACKING pc=0x00000256b0a72b43 sp=0x0000005aa77fd3d8 mode 0
Event: 0.263 Thread 0x00000256a9220ba0 Uncommon trap: trap_request=0xffffff45 fr.pc=0x00000256b8503b64 relative=0x0000000000000064
Event: 0.263 Thread 0x00000256a9220ba0 Uncommon trap: reason=unstable_if action=reinterpret pc=0x00000256b8503b64 method=java.io.WinNTFileSystem.isSlash(C)Z @ 9 c2
Event: 0.263 Thread 0x00000256a9220ba0 DEOPT PACKING pc=0x00000256b8503b64 sp=0x0000005aa77fbf20
Event: 0.263 Thread 0x00000256a9220ba0 DEOPT UNPACKING pc=0x00000256b0a723a3 sp=0x0000005aa77fbea8 mode 2
Event: 0.311 Thread 0x00000256a9220ba0 Uncommon trap: trap_request=0xffffff45 fr.pc=0x00000256b84ffc78 relative=0x0000000000000898
Event: 0.311 Thread 0x00000256a9220ba0 Uncommon trap: reason=unstable_if action=reinterpret pc=0x00000256b84ffc78 method=java.util.HashMap.putVal(ILjava/lang/Object;Ljava/lang/Object;ZZ)Ljava/lang/Object; @ 181 c2
Event: 0.311 Thread 0x00000256a9220ba0 DEOPT PACKING pc=0x00000256b84ffc78 sp=0x0000005aa77fbed0
Event: 0.311 Thread 0x00000256a9220ba0 DEOPT UNPACKING pc=0x00000256b0a723a3 sp=0x0000005aa77fbe80 mode 2
Event: 0.348 Thread 0x00000256a9220ba0 DEOPT PACKING pc=0x00000256b1010f65 sp=0x0000005aa77fae60
Event: 0.348 Thread 0x00000256a9220ba0 DEOPT UNPACKING pc=0x00000256b0a72b43 sp=0x0000005aa77fa2b0 mode 0

Classes unloaded (0 events):
No events

Classes redefined (0 events):
No events

Internal exceptions (18 events):
Event: 0.161 Thread 0x00000256c7fdee20 Exception <a 'java/lang/NoSuchMethodError'{0x0000000091ef0578}: 'java.lang.Object java.lang.invoke.DirectMethodHandle$Holder.invokeStaticInit(java.lang.Object)'> (0x0000000091ef0578) 
thrown [t:\workspace\open\src\hotspot\share\interpreter\linkResolver.cpp, line 766]
Event: 0.169 Thread 0x00000256c7fdee20 Exception <a 'java/lang/NoSuchMethodError'{0x0000000091efe288}: 'void java.lang.invoke.DirectMethodHandle$Holder.invokeStatic(java.lang.Object, java.lang.Object)'> (0x0000000091efe288) 
thrown [t:\workspace\open\src\hotspot\share\interpreter\linkResolver.cpp, line 766]
Event: 0.203 Thread 0x00000256a9220ba0 Exception <a 'java/lang/NoSuchMethodError'{0x0000000091c43ee8}: 'void java.lang.invoke.DirectMethodHandle$Holder.invokeSpecial(java.lang.Object, java.lang.Object, java.lang.Object)'> (0x0000000091c43ee8) 
thrown [t:\workspace\open\src\hotspot\share\interpreter\linkResolver.cpp, line 766]
Event: 0.207 Thread 0x00000256a9220ba0 Exception <a 'java/lang/NoSuchMethodError'{0x0000000091c57580}: 'java.lang.Object java.lang.invoke.DirectMethodHandle$Holder.invokeStatic(java.lang.Object, java.lang.Object, int)'> (0x0000000091c57580) 
thrown [t:\workspace\open\src\hotspot\share\interpreter\linkResolver.cpp, line 766]
Event: 0.208 Thread 0x00000256a9220ba0 Exception <a 'java/lang/NoSuchMethodError'{0x0000000091c633e8}: 'void java.lang.invoke.DelegatingMethodHandle$Holder.delegate(java.lang.Object, java.lang.Object, int, java.lang.Object)'> (0x0000000091c633e8) 
thrown [t:\workspace\open\src\hotspot\share\interpreter\linkResolver.cpp, line 766]
Event: 0.209 Thread 0x00000256a9220ba0 Exception <a 'java/lang/NoSuchMethodError'{0x0000000091c67420}: 'int java.lang.invoke.DirectMethodHandle$Holder.invokeSpecial(java.lang.Object, java.lang.Object, java.lang.Object)'> (0x0000000091c67420) 
thrown [t:\workspace\open\src\hotspot\share\interpreter\linkResolver.cpp, line 766]
Event: 0.271 Thread 0x00000256a9220ba0 Exception <a 'sun/nio/fs/WindowsException'{0x0000000091bd9aa8}> (0x0000000091bd9aa8) 
thrown [t:\workspace\open\src\hotspot\share\prims\jni.cpp, line 516]
Event: 0.271 Thread 0x00000256a9220ba0 Exception <a 'sun/nio/fs/WindowsException'{0x0000000091bda038}> (0x0000000091bda038) 
thrown [t:\workspace\open\src\hotspot\share\prims\jni.cpp, line 516]
Event: 0.340 Thread 0x00000256a9220ba0 Exception <a 'sun/nio/fs/WindowsException'{0x0000000091a81020}> (0x0000000091a81020) 
thrown [t:\workspace\open\src\hotspot\share\prims\jni.cpp, line 516]
Event: 0.340 Thread 0x00000256a9220ba0 Exception <a 'sun/nio/fs/WindowsException'{0x0000000091a81408}> (0x0000000091a81408) 
thrown [t:\workspace\open\src\hotspot\share\prims\jni.cpp, line 516]
Event: 0.346 Thread 0x00000256a9220ba0 Exception <a 'sun/nio/fs/WindowsException'{0x0000000091a8e920}> (0x0000000091a8e920) 
thrown [t:\workspace\open\src\hotspot\share\prims\jni.cpp, line 516]
Event: 0.346 Thread 0x00000256a9220ba0 Exception <a 'sun/nio/fs/WindowsException'{0x0000000091a8ec40}> (0x0000000091a8ec40) 
thrown [t:\workspace\open\src\hotspot\share\prims\jni.cpp, line 516]
Event: 0.364 Thread 0x00000256a9220ba0 Exception <a 'java/lang/NoSuchMethodError'{0x0000000091ae4660}: 'int java.lang.invoke.DirectMethodHandle$Holder.invokeStaticInit(java.lang.Object, java.lang.Object, int, long)'> (0x0000000091ae4660) 
thrown [t:\workspace\open\src\hotspot\share\interpreter\linkResolver.cpp, line 766]
Event: 0.365 Thread 0x00000256a9220ba0 Exception <a 'java/lang/NoSuchMethodError'{0x0000000091aea1d0}: 'java.lang.Object java.lang.invoke.DirectMethodHandle$Holder.newInvokeSpecial(java.lang.Object, java.lang.Object, int)'> (0x0000000091aea1d0) 
thrown [t:\workspace\open\src\hotspot\share\interpreter\linkResolver.cpp, line 766]
Event: 0.367 Thread 0x00000256a9220ba0 Exception <a 'java/lang/NoSuchMethodError'{0x0000000091afacb0}: 'int java.lang.invoke.DirectMethodHandle$Holder.invokeStaticInit(java.lang.Object, java.lang.Object, long, long)'> (0x0000000091afacb0) 
thrown [t:\workspace\open\src\hotspot\share\interpreter\linkResolver.cpp, line 766]
Event: 0.369 Thread 0x00000256a9220ba0 Exception <a 'java/lang/NoSuchMethodError'{0x0000000091901698}: 'java.lang.Object java.lang.invoke.DirectMethodHandle$Holder.newInvokeSpecial(java.lang.Object, java.lang.Object, long)'> (0x0000000091901698) 
thrown [t:\workspace\open\src\hotspot\share\interpreter\linkResolver.cpp, line 766]
Event: 0.369 Thread 0x00000256a9220ba0 Exception <a 'java/lang/NoSuchMethodError'{0x0000000091905988}: 'java.lang.Object java.lang.invoke.Invokers$Holder.linkToTargetMethod(java.lang.Object, long, java.lang.Object)'> (0x0000000091905988) 
thrown [t:\workspace\open\src\hotspot\share\interpreter\linkResolver.cpp, line 766]
Event: 0.371 Thread 0x00000256a9220ba0 Exception <a 'java/lang/NoSuchMethodError'{0x000000009190d0a0}: 'int java.lang.invoke.DirectMethodHandle$Holder.invokeStaticInit(java.lang.Object, java.lang.Object, java.lang.Object, long)'> (0x000000009190d0a0) 
thrown [t:\workspace\open\src\hotspot\share\interpreter\linkResolver.cpp, line 766]

VM Operations (6 events):
Event: 0.074 Executing VM operation: HandshakeAllThreads
Event: 0.075 Executing VM operation: HandshakeAllThreads done
Event: 0.160 Executing VM operation: HandshakeAllThreads
Event: 0.160 Executing VM operation: HandshakeAllThreads done
Event: 0.262 Executing VM operation: HandshakeAllThreads
Event: 0.262 Executing VM operation: HandshakeAllThreads done

Events (20 events):
Event: 0.359 loading class java/nio/DirectDoubleBufferU
Event: 0.359 loading class java/nio/DirectDoubleBufferU done
Event: 0.359 loading class sun/misc/Unsafe
Event: 0.359 loading class sun/misc/Unsafe done
Event: 0.360 loading class jdk/internal/reflect/UnsafeFieldAccessorFactory
Event: 0.360 loading class jdk/internal/reflect/UnsafeFieldAccessorFactory done
Event: 0.360 loading class jdk/internal/reflect/UnsafeQualifiedStaticObjectFieldAccessorImpl
Event: 0.360 loading class jdk/internal/reflect/UnsafeQualifiedStaticFieldAccessorImpl
Event: 0.360 loading class jdk/internal/reflect/UnsafeQualifiedStaticFieldAccessorImpl done
Event: 0.361 loading class jdk/internal/reflect/UnsafeQualifiedStaticObjectFieldAccessorImpl done
Event: 0.363 loading class java/util/function/LongPredicate
Event: 0.363 loading class java/util/function/LongPredicate done
Event: 0.366 loading class jdk/internal/access/foreign/MemorySegmentProxy
Event: 0.366 loading class jdk/internal/access/foreign/MemorySegmentProxy done
Event: 0.374 loading class java/nio/InvalidMarkException
Event: 0.374 loading class java/nio/InvalidMarkException done
Event: 0.375 loading class java/nio/BufferUnderflowException
Event: 0.375 loading class java/nio/BufferUnderflowException done
Event: 0.389 loading class java/util/Formatter$FixedString
Event: 0.389 loading class java/util/Formatter$FixedString done


Dynamic libraries:
0x00007ff63a750000 - 0x00007ff63a760000 	C:\Program Files\Java\jdk-17.0.1\bin\java.exe
0x00007ffe1f890000 - 0x00007ffe1faa4000 	C:\WINDOWS\SYSTEM32\ntdll.dll
0x00007ffe1e2a0000 - 0x00007ffe1e362000 	C:\WINDOWS\System32\KERNEL32.DLL
0x00007ffe1d040000 - 0x00007ffe1d3e3000 	C:\WINDOWS\System32\KERNELBASE.dll
0x00007ffe1cc90000 - 0x00007ffe1cda1000 	C:\WINDOWS\System32\ucrtbase.dll
0x00007ffde7770000 - 0x00007ffde7788000 	C:\Program Files\Java\jdk-17.0.1\bin\jli.dll
0x00007ffde7750000 - 0x00007ffde776a000 	C:\Program Files\Java\jdk-17.0.1\bin\VCRUNTIME140.dll
0x00007ffe1e190000 - 0x00007ffe1e23e000 	C:\WINDOWS\System32\ADVAPI32.dll
0x00007ffe1dec0000 - 0x00007ffe1df67000 	C:\WINDOWS\System32\msvcrt.dll
0x00007ffe1f510000 - 0x00007ffe1f5b4000 	C:\WINDOWS\System32\sechost.dll
0x00007ffe1f3f0000 - 0x00007ffe1f507000 	C:\WINDOWS\System32\RPCRT4.dll
0x00007ffe1d670000 - 0x00007ffe1d81a000 	C:\WINDOWS\System32\USER32.dll
0x00007ffe02400000 - 0x00007ffe0268e000 	C:\WINDOWS\WinSxS\amd64_microsoft.windows.common-controls_6595b64144ccf1df_6.0.22621.1635_none_270f70857386168e\COMCTL32.dll
0x00007ffe1d010000 - 0x00007ffe1d036000 	C:\WINDOWS\System32\win32u.dll
0x00007ffe1f380000 - 0x00007ffe1f3a9000 	C:\WINDOWS\System32\GDI32.dll
0x00007ffe1ce30000 - 0x00007ffe1cf49000 	C:\WINDOWS\System32\gdi32full.dll
0x00007ffe1d460000 - 0x00007ffe1d4fa000 	C:\WINDOWS\System32\msvcp_win.dll
0x00007ffe12eb0000 - 0x00007ffe12eba000 	C:\WINDOWS\SYSTEM32\VERSION.dll
0x00007ffe1f3b0000 - 0x00007ffe1f3e1000 	C:\WINDOWS\System32\IMM32.DLL
0x00007ffe19f00000 - 0x00007ffe19f0c000 	C:\Program Files\Java\jdk-17.0.1\bin\vcruntime140_1.dll
0x00007ffde4b40000 - 0x00007ffde4bcd000 	C:\Program Files\Java\jdk-17.0.1\bin\msvcp140.dll
0x00007ffdce540000 - 0x00007ffdcf0fe000 	C:\Program Files\Java\jdk-17.0.1\bin\server\jvm.dll
0x00007ffe1e0d0000 - 0x00007ffe1e0d8000 	C:\WINDOWS\System32\PSAPI.DLL
0x00007ffdfd120000 - 0x00007ffdfd129000 	C:\WINDOWS\SYSTEM32\WSOCK32.dll
0x00007ffe13e60000 - 0x00007ffe13e94000 	C:\WINDOWS\SYSTEM32\WINMM.dll
0x00007ffe1f7b0000 - 0x00007ffe1f821000 	C:\WINDOWS\System32\WS2_32.dll
0x00007ffe1bd40000 - 0x00007ffe1bd58000 	C:\WINDOWS\SYSTEM32\kernel.appcore.dll
0x00007ffe07540000 - 0x00007ffe0754a000 	C:\Program Files\Java\jdk-17.0.1\bin\jimage.dll
0x00007ffe08f00000 - 0x00007ffe0912e000 	C:\WINDOWS\SYSTEM32\DBGHELP.DLL
0x00007ffe1d820000 - 0x00007ffe1dba9000 	C:\WINDOWS\System32\combase.dll
0x00007ffe1f290000 - 0x00007ffe1f367000 	C:\WINDOWS\System32\OLEAUT32.dll
0x00007ffe00ff0000 - 0x00007ffe01022000 	C:\WINDOWS\SYSTEM32\dbgcore.DLL
0x00007ffe1cdb0000 - 0x00007ffe1ce2a000 	C:\WINDOWS\System32\bcryptPrimitives.dll
0x00007ffe02220000 - 0x00007ffe0222e000 	C:\Program Files\Java\jdk-17.0.1\bin\instrument.dll
0x00007ffde7720000 - 0x00007ffde7745000 	C:\Program Files\Java\jdk-17.0.1\bin\java.dll
0x00007ffde4a60000 - 0x00007ffde4b36000 	C:\Program Files\Java\jdk-17.0.1\bin\svml.dll
0x00007ffe1e590000 - 0x00007ffe1ed89000 	C:\WINDOWS\System32\SHELL32.dll
0x00007ffe1ac40000 - 0x00007ffe1b50e000 	C:\WINDOWS\SYSTEM32\windows.storage.dll
0x00007ffe1ab00000 - 0x00007ffe1ac3e000 	C:\WINDOWS\SYSTEM32\wintypes.dll
0x00007ffe1dbb0000 - 0x00007ffe1dca1000 	C:\WINDOWS\System32\SHCORE.dll
0x00007ffe1e530000 - 0x00007ffe1e58e000 	C:\WINDOWS\System32\shlwapi.dll
0x00007ffe1cbc0000 - 0x00007ffe1cbe6000 	C:\WINDOWS\SYSTEM32\profapi.dll
0x00007ffde4a40000 - 0x00007ffde4a58000 	C:\Program Files\Java\jdk-17.0.1\bin\zip.dll
0x00007ffde7700000 - 0x00007ffde7719000 	C:\Program Files\Java\jdk-17.0.1\bin\net.dll
0x00007ffe16b20000 - 0x00007ffe16c57000 	C:\WINDOWS\SYSTEM32\WINHTTP.dll
0x00007ffe1c1d0000 - 0x00007ffe1c239000 	C:\WINDOWS\system32\mswsock.dll
0x00007ffde76e0000 - 0x00007ffde76f5000 	C:\Program Files\Java\jdk-17.0.1\bin\nio.dll
0x00007ffe02200000 - 0x00007ffe0221a000 	C:\Program Files\JetBrains\IntelliJ IDEA 2023.1.1\bin\breakgen64.dll
0x00007ffe02180000 - 0x00007ffe021fa000 	C:\Users\pandey anurag\AppData\Local\Temp\lwjgl_pandey anurag\3.3.2+13\x64\lwjgl.dll
0x00007ffe020d0000 - 0x00007ffe0212e000 	C:\Users\pandey anurag\AppData\Local\Temp\lwjgl_pandey anurag\3.3.2+13\x64\lwjgl_opengl.dll
0x00007ffde62a0000 - 0x00007ffde63a0000 	C:\WINDOWS\SYSTEM32\opengl32.dll
0x00007ffe06c00000 - 0x00007ffe06c2d000 	C:\WINDOWS\SYSTEM32\GLU32.dll
0x00007ffe1a330000 - 0x00007ffe1a368000 	C:\WINDOWS\SYSTEM32\dxcore.dll

dbghelp: loaded successfully - version: 4.0.5 - missing functions: none
symbol engine: initialized successfully - sym options: 0x614 - pdb path: .;C:\Program Files\Java\jdk-17.0.1\bin;C:\WINDOWS\SYSTEM32;C:\WINDOWS\WinSxS\amd64_microsoft.windows.common-controls_6595b64144ccf1df_6.0.22621.1635_none_270f70857386168e;C:\Program Files\Java\jdk-17.0.1\bin\server;C:\Program Files\JetBrains\IntelliJ IDEA 2023.1.1\bin;C:\Users\pandey anurag\AppData\Local\Temp\lwjgl_pandey anurag\3.3.2+13\x64

VM Arguments:
jvm_args: -javaagent:C:\Program Files\JetBrains\IntelliJ IDEA 2023.1.1\lib\idea_rt.jar=61745:C:\Program Files\JetBrains\IntelliJ IDEA 2023.1.1\bin -Dfile.encoding=UTF-8 
java_command: MainKt
java_class_path (initial): E:\lwjgl\simpleEngine\SimpleEngine\build\classes\kotlin\main;E:\lwjgl\simpleEngine\SimpleEngine\build\resources\main;C:\Users\pandey anurag\.gradle\caches\modules-2\files-2.1\org.jetbrains.kotlin\kotlin-stdlib-jdk8\1.8.21\67f57e154437cd9e6e9cf368394b95814836ff88\kotlin-stdlib-jdk8-1.8.21.jar;C:\Users\pandey anurag\.gradle\caches\modules-2\files-2.1\org.lwjgl\lwjgl-assimp\3.3.2\e5238c13abef6b0fd6e1b4320d3c8cd0c10bfe61\lwjgl-assimp-3.3.2.jar;C:\Users\pandey anurag\.gradle\caches\modules-2\files-2.1\org.lwjgl\lwjgl-bgfx\3.3.2\d42de3985faa0e51211735c283de80425ddce2ac\lwjgl-bgfx-3.3.2.jar;C:\Users\pandey anurag\.gradle\caches\modules-2\files-2.1\org.lwjgl\lwjgl-glfw\3.3.2\757920418805fb90bfebb3d46b1d9e7669fca2eb\lwjgl-glfw-3.3.2.jar;C:\Users\pandey anurag\.gradle\caches\modules-2\files-2.1\org.lwjgl\lwjgl-nanovg\3.3.2\74b531a4d433ebba9d099819889901a2f48e8bb\lwjgl-nanovg-3.3.2.jar;C:\Users\pandey anurag\.gradle\caches\modules-2\files-2.1\org.lwjgl\lwjgl-nuklear\3.3.2\2c641ac2454f33caeaa5771bd26929d45d1b1f33\lwjgl-nuklear-3.3.2.jar;C:\Users\pandey anurag\.gradle\caches\modules-2\files-2.1\org.lwjgl\lwjgl-openal\3.3.2\ae5357ed6d934546d3533993ea84c0cfb75eed95\lwjgl-openal-3.3.2.jar;C:\Users\pandey anurag\.gradle\caches\modules-2\files-2.1\org.lwjgl\lwjgl-opengl\3.3.2\ee8e95be0b438602038bc1f02dc5e3d011b1b216\lwjgl-opengl-3.3.2.jar;C:\Users\pandey anurag\.gradle\caches\modules-2\files-2.1\org.lwjgl\lwjgl-par\3.3.2\2710f4b1e06929a61c14c745467e49fc3d02ace0\lwjgl-par-3.3.2.jar;C:\Users\pandey anurag\.gradle\caches\modules-2\files-2.1\org.lwjgl\lwjgl-stb\3.3.2\a2550795014d622b686e9caac50b14baa87d2c70\lwjgl-stb-3.3.2.jar;C:\Users\pandey anurag\.gradle\caches\modules-2\files-2.1\org.lwjgl\lwjgl-vulkan\3.3.2\41471d7a812105344f9e46c924f4b7597a3a15dc\lwjgl-vulkan-3.3.2.jar;C:\Users\pandey anurag\.gradle\caches\modules-2\files-2.1\org.lwjgl\lwjgl\3.3.2\4421d94af68e35dcaa31737a6fc59136a1e61b94\lwjgl-3.3.2.jar;C:\Users\pandey anurag\.gradle\caches\modules-2\fi
Launcher Type: SUN_STANDARD

[Global flags]
     intx CICompilerCount                          = 4                                         {product} {ergonomic}
     uint ConcGCThreads                            = 3                                         {product} {ergonomic}
     uint G1ConcRefinementThreads                  = 10                                        {product} {ergonomic}
   size_t G1HeapRegionSize                         = 1048576                                   {product} {ergonomic}
    uintx GCDrainStackTargetSize                   = 64                                        {product} {ergonomic}
   size_t InitialHeapSize                          = 123731968                                 {product} {ergonomic}
   size_t MarkStackSize                            = 4194304                                   {product} {ergonomic}
   size_t MaxHeapSize                              = 1967128576                                {product} {ergonomic}
   size_t MaxNewSize                               = 1179648000                                {product} {ergonomic}
   size_t MinHeapDeltaBytes                        = 1048576                                   {product} {ergonomic}
   size_t MinHeapSize                              = 8388608                                   {product} {ergonomic}
    uintx NonNMethodCodeHeapSize                   = 5839372                                {pd product} {ergonomic}
    uintx NonProfiledCodeHeapSize                  = 122909434                              {pd product} {ergonomic}
    uintx ProfiledCodeHeapSize                     = 122909434                              {pd product} {ergonomic}
    uintx ReservedCodeCacheSize                    = 251658240                              {pd product} {ergonomic}
     bool SegmentedCodeCache                       = true                                      {product} {ergonomic}
   size_t SoftMaxHeapSize                          = 1967128576                             {manageable} {ergonomic}
     bool UseCompressedClassPointers               = true                           {product lp64_product} {ergonomic}
     bool UseCompressedOops                        = true                           {product lp64_product} {ergonomic}
     bool UseG1GC                                  = true                                      {product} {ergonomic}
     bool UseLargePagesIndividualAllocation        = false                                  {pd product} {ergonomic}

Logging:
Log output configuration:
 #0: stdout all=warning uptime,level,tags
 #1: stderr all=off uptime,level,tags

Environment Variables:
PATH=C:\Program Files\Common Files\Oracle\Java\javapath;C:\WINDOWS\system32;C:\WINDOWS;C:\WINDOWS\System32\Wbem;C:\WINDOWS\System32\WindowsPowerShell\v1.0\;C:\WINDOWS\System32\OpenSSH\;C:\Program Files\kotlinc\bin;C:\Program Files\Git\cmd;C:\Program Files\nodejs\;C:\Users\pandey anurag\AppData\Local\Programs\Python\Python310\Scripts\;C:\Users\pandey anurag\AppData\Local\Programs\Python\Python310\;C:\Users\pandey anurag\AppData\Local\Microsoft\WindowsApps;C:\Program Files\PostgreSQL\14\bin;C:\Program Files\PostgreSQL\14\lib;C:\Users\pandey anurag\AppData\Roaming\npm;C:\Users\pandey anurag\AppData\Local\Programs\Microsoft VS Code\bin;C:\Users\pandey anurag\AppData\Local\Microsoft\WindowsApps;C:\Program Files\FFmpeg\bin;E:\src\flutter\bin;C:\Users\pandey anurag\AppData\Local\JetBrains\Toolbox\scripts;
USERNAME=pandey anurag
OS=Windows_NT
PROCESSOR_IDENTIFIER=AMD64 Family 23 Model 104 Stepping 1, AuthenticAMD



---------------  S Y S T E M  ---------------

OS:
 Windows 10 , 64 bit Build 22621 (10.0.22621.1928)
OS uptime: 0 days 15:00 hours
Hyper-V role detected

CPU: total 12 (initial active 12) (12 cores per cpu, 2 threads per core) family 23 model 104 stepping 1 microcode 0x0, cx8, cmov, fxsr, ht, mmx, 3dnowpref, sse, sse2, sse3, ssse3, sse4a, sse4.1, sse4.2, popcnt, lzcnt, tsc, tscinvbit, avx, avx2, aes, clmul, bmi1, bmi2, adx, sha, fma, vzeroupper, clflush, clflushopt, hv

Memory: 4k page, system-wide physical 7502M (726M free)
TotalPageFile size 21838M (AvailPageFile size 11705M)
current process WorkingSet (physical memory assigned to process): 52M, peak: 52M
current process commit charge ("private bytes"): 214M, peak: 214M

vm_info: Java HotSpot(TM) 64-Bit Server VM (17.0.1+12-LTS-39) for windows-amd64 JRE (17.0.1+12-LTS-39), built on Sep 27 2021 18:41:35 by "mach5one" with MS VC++ 16.8 (VS2019)

END.
