#
# A fatal error has been detected by the Java Runtime Environment:
#
#  EXCEPTION_ACCESS_VIOLATION (0xc0000005) at pc=0x00007ffe048ce1b7, pid=11900, tid=12480
#
# JRE version: Java(TM) SE Runtime Environment (17.0.1+12) (build 17.0.1+12-LTS-39)
# Java VM: Java HotSpot(TM) 64-Bit Server VM (17.0.1+12-LTS-39, mixed mode, sharing, tiered, compressed oops, compressed class ptrs, g1 gc, windows-amd64)
# Problematic frame:
# C  [lwjgl_opengl.dll+0xe1b7]
#
# No core dump will be written. Minidumps are not enabled by default on client versions of Windows
#
# If you would like to submit a bug report, please visit:
#   https://bugreport.java.com/bugreport/crash.jsp
# The crash happened outside the Java Virtual Machine in native code.
# See problematic frame for where to report the bug.
#

---------------  S U M M A R Y ------------

Command Line: -javaagent:C:\Program Files\JetBrains\IntelliJ IDEA 2023.1.1\lib\idea_rt.jar=61819:C:\Program Files\JetBrains\IntelliJ IDEA 2023.1.1\bin -Dfile.encoding=UTF-8 MainKt

Host: AMD Ryzen 5 5500U with Radeon Graphics         , 12 cores, 7G,  Windows 10 , 64 bit Build 22621 (10.0.22621.1928)
Time: Thu Jul 13 10:23:56 2023 India Standard Time elapsed time: 0.488404 seconds (0d 0h 0m 0s)

---------------  T H R E A D  ---------------

Current thread (0x000001f57d4e0cf0):  JavaThread "main" [_thread_in_native, id=12480, stack(0x00000026cb700000,0x00000026cb800000)]

Stack: [0x00000026cb700000,0x00000026cb800000],  sp=0x00000026cb7ff2f8,  free space=1020k
Native frames: (J=compiled Java code, j=interpreted, Vv=VM code, C=native code)
C  [lwjgl_opengl.dll+0xe1b7]

Java frames: (J=compiled Java code, j=interpreted, Vv=VM code)
j  org.lwjgl.opengl.GL20C.glCreateShader(I)I+0
j  org.lwjgl.opengl.GL20.glCreateShader(I)I+1
j  simpleEngine.shader.ShaderProgram$Companion.loadShader(Ljava/lang/String;I)I+22
j  simpleEngine.shader.ShaderProgram.<init>(Ljava/lang/String;Ljava/lang/String;)V+24
j  simpleEngine.shader.StaticShader.<init>()V+5
j  MyGame.<init>()V+31
j  MainKt.main()V+27
j  MainKt.main([Ljava/lang/String;)V+0
v  ~StubRoutines::call_stub

siginfo: EXCEPTION_ACCESS_VIOLATION (0xc0000005), reading address 0x0000000000000e38


Register to memory mapping:

RIP=0x00007ffe048ce1b7 lwjgl_opengl.dll
RAX=0x000001f51c6c5530 points into unknown readable memory: 0x0000000000000000 | 00 00 00 00 00 00 00 00
RBX={method} {0x000001f57f8eed58} 'glCreateShader' '(I)I' in 'org/lwjgl/opengl/GL20C'
RCX=0x0 is NULL
RDX=0x00000026cb7ff380 is pointing into the stack for thread: 0x000001f57d4e0cf0
RSP=0x00000026cb7ff2f8 is pointing into the stack for thread: 0x000001f57d4e0cf0
RBP=0x00000026cb7ff370 is pointing into the stack for thread: 0x000001f57d4e0cf0
RSI=0x00000000000001d8 is an unknown value
RDI=0x000001f5077394fe is at code_begin+1118 in an Interpreter codelet
return entry points  [0x000001f5077390a0, 0x000001f507739ba0]  2816 bytes
R8 =0x0000000000008b31 is an unknown value
R9 =0x0000000000000002 is an unknown value
R10=0x000001f50773d5f2 is at code_begin+946 in an Interpreter codelet
method entry point (kind = native)  [0x000001f50773d240, 0x000001f50773dbc0]  2432 bytes
R11=0x00000000919e6e00 is an oop: java.lang.Class 
{0x00000000919e6e00} - klass: 'java/lang/Class'
 - ---- fields (total size 54 words):
 - private volatile transient 'classRedefinedCount' 'I' @12  0
 - private volatile transient 'cachedConstructor' 'Ljava/lang/reflect/Constructor;' @40  NULL (0)
 - private transient 'name' 'Ljava/lang/String;' @44  "org.lwjgl.opengl.GL20C"{0x00000000919e6fc0} (919e6fc0)
 - private transient 'module' 'Ljava/lang/Module;' @48  a 'java/lang/Module'{0x0000000092168418} (92168418)
 - private final 'classLoader' 'Ljava/lang/ClassLoader;' @52  a 'jdk/internal/loader/ClassLoaders$AppClassLoader'{0x0000000092168258} (92168258)
 - private transient 'classData' 'Ljava/lang/Object;' @56  NULL (0)
 - private transient 'packageName' 'Ljava/lang/String;' @60  "org.lwjgl.opengl"{0x0000000091ece900} (91ece900)
 - private final 'componentType' 'Ljava/lang/Class;' @64  NULL (0)
 - private volatile transient 'reflectionData' 'Ljava/lang/ref/SoftReference;' @68  NULL (0)
 - private volatile transient 'genericInfo' 'Lsun/reflect/generics/repository/ClassRepository;' @72  NULL (0)
 - private volatile transient 'enumConstants' '[Ljava/lang/Object;' @76  NULL (0)
 - private volatile transient 'enumConstantDirectory' 'Ljava/util/Map;' @80  NULL (0)
 - private volatile transient 'annotationData' 'Ljava/lang/Class$AnnotationData;' @84  NULL (0)
 - private volatile transient 'annotationType' 'Lsun/reflect/annotation/AnnotationType;' @88  NULL (0)
 - transient 'classValueMap' 'Ljava/lang/ClassValue$ClassValueMap;' @92  NULL (0)
 - signature: Lorg/lwjgl/opengl/GL20C;
 - fake entry for mirror: 'org/lwjgl/opengl/GL20C'
 - fake entry for array: NULL
 - fake entry for oop_size: 54
 - fake entry for static_oop_field_count: 0
 - public static final 'GL_SHADING_LANGUAGE_VERSION' 'I' @112  35724 (8b8c)
 - public static final 'GL_CURRENT_PROGRAM' 'I' @116  35725 (8b8d)
 - public static final 'GL_SHADER_TYPE' 'I' @120  35663 (8b4f)
 - public static final 'GL_DELETE_STATUS' 'I' @124  35712 (8b80)
 - public static final 'GL_COMPILE_STATUS' 'I' @128  35713 (8b81)
 - public static final 'GL_LINK_STATUS' 'I' @132  35714 (8b82)
 - public static final 'GL_VALIDATE_STATUS' 'I' @136  35715 (8b83)
 - public static final 'GL_INFO_LOG_LENGTH' 'I' @140  35716 (8b84)
 - public static final 'GL_ATTACHED_SHADERS' 'I' @144  35717 (8b85)
 - public static final 'GL_ACTIVE_UNIFORMS' 'I' @148  35718 (8b86)
 - public static final 'GL_ACTIVE_UNIFORM_MAX_LENGTH' 'I' @152  35719 (8b87)
 - public static final 'GL_ACTIVE_ATTRIBUTES' 'I' @156  35721 (8b89)
 - public static final 'GL_ACTIVE_ATTRIBUTE_MAX_LENGTH' 'I' @160  35722 (8b8a)
 - public static final 'GL_SHADER_SOURCE_LENGTH' 'I' @164  35720 (8b88)
 - public static final 'GL_FLOAT_VEC2' 'I' @168  35664 (8b50)
 - public static final 'GL_FLOAT_VEC3' 'I' @172  35665 (8b51)
 - public static final 'GL_FLOAT_VEC4' 'I' @176  35666 (8b52)
 - public static final 'GL_INT_VEC2' 'I' @180  35667 (8b53)
 - public static final 'GL_INT_VEC3' 'I' @184  35668 (8b54)
 - public static final 'GL_INT_VEC4' 'I' @188  35669 (8b55)
 - public static final 'GL_BOOL' 'I' @192  35670 (8b56)
 - public static final 'GL_BOOL_VEC2' 'I' @196  35671 (8b57)
 - public static final 'GL_BOOL_VEC3' 'I' @200  35672 (8b58)
 - public static final 'GL_BOOL_VEC4' 'I' @204  35673 (8b59)
 - public static final 'GL_FLOAT_MAT2' 'I' @208  35674 (8b5a)
 - public static final 'GL_FLOAT_MAT3' 'I' @212  35675 (8b5b)
 - public static final 'GL_FLOAT_MAT4' 'I' @216  35676 (8b5c)
 - public static final 'GL_SAMPLER_1D' 'I' @220  35677 (8b5d)
 - public static final 'GL_SAMPLER_2D' 'I' @224  35678 (8b5e)
 - public static final 'GL_SAMPLER_3D' 'I' @228  35679 (8b5f)
 - public static final 'GL_SAMPLER_CUBE' 'I' @232  35680 (8b60)
 - public static final 'GL_SAMPLER_1D_SHADOW' 'I' @236  35681 (8b61)
 - public static final 'GL_SAMPLER_2D_SHADOW' 'I' @240  35682 (8b62)
 - public static final 'GL_VERTEX_SHADER' 'I' @244  35633 (8b31)
 - public static final 'GL_MAX_VERTEX_UNIFORM_COMPONENTS' 'I' @248  35658 (8b4a)
 - public static final 'GL_MAX_VARYING_FLOATS' 'I' @252  35659 (8b4b)
 - public static final 'GL_MAX_VERTEX_ATTRIBS' 'I' @256  34921 (8869)
 - public static final 'GL_MAX_TEXTURE_IMAGE_UNITS' 'I' @260  34930 (8872)
 - public static final 'GL_MAX_VERTEX_TEXTURE_IMAGE_UNITS' 'I' @264  35660 (8b4c)
 - public static final 'GL_MAX_COMBINED_TEXTURE_IMAGE_UNITS' 'I' @268  35661 (8b4d)
 - public static final 'GL_VERTEX_PROGRAM_POINT_SIZE' 'I' @272  34370 (8642)
 - public static final 'GL_VERTEX_ATTRIB_ARRAY_ENABLED' 'I' @276  34338 (8622)
 - public static final 'GL_VERTEX_ATTRIB_ARRAY_SIZE' 'I' @280  34339 (8623)
 - public static final 'GL_VERTEX_ATTRIB_ARRAY_STRIDE' 'I' @284  34340 (8624)
 - public static final 'GL_VERTEX_ATTRIB_ARRAY_TYPE' 'I' @288  34341 (8625)
 - public static final 'GL_VERTEX_ATTRIB_ARRAY_NORMALIZED' 'I' @292  34922 (886a)
 - public static final 'GL_CURRENT_VERTEX_ATTRIB' 'I' @296  34342 (8626)
 - public static final 'GL_VERTEX_ATTRIB_ARRAY_POINTER' 'I' @300  34373 (8645)
 - public static final 'GL_FRAGMENT_SHADER' 'I' @304  35632 (8b30)
 - public static final 'GL_MAX_FRAGMENT_UNIFORM_COMPONENTS' 'I' @308  35657 (8b49)
 - public static final 'GL_FRAGMENT_SHADER_DERIVATIVE_HINT' 'I' @312  35723 (8b8b)
 - public static final 'GL_MAX_DRAW_BUFFERS' 'I' @316  34852 (8824)
 - public static final 'GL_DRAW_BUFFER0' 'I' @320  34853 (8825)
 - public static final 'GL_DRAW_BUFFER1' 'I' @324  34854 (8826)
 - public static final 'GL_DRAW_BUFFER2' 'I' @328  34855 (8827)
 - public static final 'GL_DRAW_BUFFER3' 'I' @332  34856 (8828)
 - public static final 'GL_DRAW_BUFFER4' 'I' @336  34857 (8829)
 - public static final 'GL_DRAW_BUFFER5' 'I' @340  34858 (882a)
 - public static final 'GL_DRAW_BUFFER6' 'I' @344  34859 (882b)
 - public static final 'GL_DRAW_BUFFER7' 'I' @348  34860 (882c)
 - public static final 'GL_DRAW_BUFFER8' 'I' @352  34861 (882d)
 - public static final 'GL_DRAW_BUFFER9' 'I' @356  34862 (882e)
 - public static final 'GL_DRAW_BUFFER10' 'I' @360  34863 (882f)
 - public static final 'GL_DRAW_BUFFER11' 'I' @364  34864 (8830)
 - public static final 'GL_DRAW_BUFFER12' 'I' @368  34865 (8831)
 - public static final 'GL_DRAW_BUFFER13' 'I' @372  34866 (8832)
 - public static final 'GL_DRAW_BUFFER14' 'I' @376  34867 (8833)
 - public static final 'GL_DRAW_BUFFER15' 'I' @380  34868 (8834)
 - public static final 'GL_POINT_SPRITE_COORD_ORIGIN' 'I' @384  36000 (8ca0)
 - public static final 'GL_LOWER_LEFT' 'I' @388  36001 (8ca1)
 - public static final 'GL_UPPER_LEFT' 'I' @392  36002 (8ca2)
 - public static final 'GL_BLEND_EQUATION_RGB' 'I' @396  32777 (8009)
 - public static final 'GL_BLEND_EQUATION_ALPHA' 'I' @400  34877 (883d)
 - public static final 'GL_STENCIL_BACK_FUNC' 'I' @404  34816 (8800)
 - public static final 'GL_STENCIL_BACK_FAIL' 'I' @408  34817 (8801)
 - public static final 'GL_STENCIL_BACK_PASS_DEPTH_FAIL' 'I' @412  34818 (8802)
 - public static final 'GL_STENCIL_BACK_PASS_DEPTH_PASS' 'I' @416  34819 (8803)
 - public static final 'GL_STENCIL_BACK_REF' 'I' @420  36003 (8ca3)
 - public static final 'GL_STENCIL_BACK_VALUE_MASK' 'I' @424  36004 (8ca4)
 - public static final 'GL_STENCIL_BACK_WRITEMASK' 'I' @428  36005 (8ca5)
R12=0x0 is NULL
R13=0x000001f57f8eed40 is pointing into metadata
R14=0x00000026cb7ff390 is pointing into the stack for thread: 0x000001f57d4e0cf0
R15=0x000001f57d4e0cf0 is a thread


Registers:
RAX=0x000001f51c6c5530, RBX=0x000001f57f8eed50, RCX=0x0000000000000000, RDX=0x00000026cb7ff380
RSP=0x00000026cb7ff2f8, RBP=0x00000026cb7ff370, RSI=0x00000000000001d8, RDI=0x000001f5077394fe
R8 =0x0000000000008b31, R9 =0x0000000000000002, R10=0x000001f50773d5f2, R11=0x00000000919e6e00
R12=0x0000000000000000, R13=0x000001f57f8eed40, R14=0x00000026cb7ff390, R15=0x000001f57d4e0cf0
RIP=0x00007ffe048ce1b7, EFLAGS=0x0000000000010202

Top of Stack: (sp=0x00000026cb7ff2f8)
0x00000026cb7ff2f8:   000001f50773d621 000001f57f8eed50
0x00000026cb7ff308:   00000000000001d8 000001f57f814e78
0x00000026cb7ff318:   000001f57d4e0cf0 000001f50773d2f6
0x00000026cb7ff328:   00000026cb7ff328 000001f57f8eed40
0x00000026cb7ff338:   00000026cb7ff390 000001f57f91a368
0x00000026cb7ff348:   0000000000000000 00000000919e6e00
0x00000026cb7ff358:   000001f57f8eed50 0000000000000000
0x00000026cb7ff368:   00000026cb7ff390 00000026cb7ff3e0
0x00000026cb7ff378:   000001f507739612 00000000919e6e00
0x00000026cb7ff388:   000001f50773af76 0000000000008b31
0x00000026cb7ff398:   00000026cb7ff398 000001f57f814e51
0x00000026cb7ff3a8:   00000026cb7ff3f0 000001f57f873a60
0x00000026cb7ff3b8:   0000000000000000 0000000091df3510
0x00000026cb7ff3c8:   000001f57f814e78 00000026cb7ff390
0x00000026cb7ff3d8:   00000026cb7ff3f0 00000026cb7ff440
0x00000026cb7ff3e8:   000001f507739612 0000000000008b31 

Instructions: (pc=0x00007ffe048ce1b7)
0x00007ffe048ce0b7:   8b c8 4c 8b 50 18 49 ff a2 f8 0d 00 00 cc cc cc
0x00007ffe048ce0c7:   cc cc cc cc cc cc cc cc cc 48 8b 01 41 8b c8 48
0x00007ffe048ce0d7:   8b 50 18 48 ff a2 00 0e 00 00 cc cc cc cc cc cc
0x00007ffe048ce0e7:   cc cc cc cc cc cc cc cc cc 48 8b 01 45 8b d8 4c
0x00007ffe048ce0f7:   8b 44 24 28 41 8b d1 41 8b cb 4c 8b 50 18 49 ff
0x00007ffe048ce107:   a2 08 0e 00 00 cc cc cc cc 48 8b 01 45 8b d8 4c
0x00007ffe048ce117:   8b 44 24 28 41 8b d1 41 8b cb 4c 8b 50 18 49 ff
0x00007ffe048ce127:   a2 10 0e 00 00 cc cc cc cc 48 8b 01 45 8b d8 4c
0x00007ffe048ce137:   8b 44 24 28 41 8b d1 41 8b cb 4c 8b 50 18 49 ff
0x00007ffe048ce147:   a2 18 0e 00 00 cc cc cc cc 48 8b 01 48 8b 48 18
0x00007ffe048ce157:   48 8b 81 20 0e 00 00 48 ff e0 cc cc cc cc cc cc
0x00007ffe048ce167:   cc cc cc cc cc cc cc cc cc 48 8b 01 41 8b c8 48
0x00007ffe048ce177:   8b 50 18 48 ff a2 28 0e 00 00 cc cc cc cc cc cc
0x00007ffe048ce187:   cc cc cc cc cc cc cc cc cc 48 8b 01 48 8b 48 18
0x00007ffe048ce197:   48 8b 81 30 0e 00 00 41 8b c8 48 ff e0 cc cc cc
0x00007ffe048ce1a7:   cc cc cc cc cc cc cc cc cc 48 8b 01 48 8b 48 18
0x00007ffe048ce1b7:   48 8b 81 38 0e 00 00 41 8b c8 48 ff e0 cc cc cc
0x00007ffe048ce1c7:   cc cc cc cc cc cc cc cc cc 48 8b 01 41 8b c8 48
0x00007ffe048ce1d7:   8b 50 18 48 ff a2 40 0e 00 00 cc cc cc cc cc cc
0x00007ffe048ce1e7:   cc cc cc cc cc cc cc cc cc 48 8b 01 48 8b 48 18
0x00007ffe048ce1f7:   48 8b 81 48 0e 00 00 41 8b c8 48 ff e0 cc cc cc
0x00007ffe048ce207:   cc cc cc cc cc cc cc cc cc 48 8b 01 41 8b d1 41
0x00007ffe048ce217:   8b c8 4c 8b 50 18 49 ff a2 50 0e 00 00 cc cc cc
0x00007ffe048ce227:   cc cc cc cc cc cc cc cc cc 48 8b 01 41 8b d1 41
0x00007ffe048ce237:   8b c8 4c 8b 50 18 49 ff a2 58 0e 00 00 cc cc cc
0x00007ffe048ce247:   cc cc cc cc cc cc cc cc cc 40 53 48 8b 01 41 8b
0x00007ffe048ce257:   d8 4c 8b 44 24 30 41 8b d1 4c 8b 4c 24 38 8b cb
0x00007ffe048ce267:   4c 8b 50 18 5b 49 ff a2 60 0e 00 00 cc cc cc cc
0x00007ffe048ce277:   cc cc cc cc cc cc cc cc cc 48 8b 01 41 8b c8 48
0x00007ffe048ce287:   8b 50 18 48 ff a2 68 0e 00 00 cc cc cc cc cc cc
0x00007ffe048ce297:   cc cc cc cc cc cc cc cc cc 48 8b 01 41 8b c8 48
0x00007ffe048ce2a7:   8b 50 18 48 ff a2 70 0e 00 00 cc cc cc cc cc cc 


Stack slot to memory mapping:
stack at sp + 0 slots: 0x000001f50773d621 is at code_begin+993 in an Interpreter codelet
method entry point (kind = native)  [0x000001f50773d240, 0x000001f50773dbc0]  2432 bytes
stack at sp + 1 slots: {method} {0x000001f57f8eed58} 'glCreateShader' '(I)I' in 'org/lwjgl/opengl/GL20C'
stack at sp + 2 slots: 0x00000000000001d8 is an unknown value
stack at sp + 3 slots: {method} {0x000001f57f814e80} 'glCreateShader' '(I)I' in 'org/lwjgl/opengl/GL20'
stack at sp + 4 slots: 0x000001f57d4e0cf0 is a thread
stack at sp + 5 slots: 0x000001f50773d2f6 is at code_begin+182 in an Interpreter codelet
method entry point (kind = native)  [0x000001f50773d240, 0x000001f50773dbc0]  2432 bytes
stack at sp + 6 slots: 0x00000026cb7ff328 is pointing into the stack for thread: 0x000001f57d4e0cf0
stack at sp + 7 slots: 0x000001f57f8eed40 is pointing into metadata


---------------  P R O C E S S  ---------------

Threads class SMR info:
_java_thread_list=0x000001f51c23ef60, length=14, elements={
0x000001f57d4e0cf0, 0x000001f57ef212f0, 0x000001f57ef23cb0, 0x000001f57ef34ff0,
0x000001f57ef358b0, 0x000001f57ef37670, 0x000001f57ef38020, 0x000001f57ef38db0,
0x000001f57ef39850, 0x000001f57ef42860, 0x000001f57ef07330, 0x000001f57ff9f560,
0x000001f57ffc1ef0, 0x000001f51c5e5040
}

Java Threads: ( => current thread )
=>0x000001f57d4e0cf0 JavaThread "main" [_thread_in_native, id=12480, stack(0x00000026cb700000,0x00000026cb800000)]
  0x000001f57ef212f0 JavaThread "Reference Handler" daemon [_thread_blocked, id=2428, stack(0x00000026cbe00000,0x00000026cbf00000)]
  0x000001f57ef23cb0 JavaThread "Finalizer" daemon [_thread_blocked, id=7840, stack(0x00000026cbf00000,0x00000026cc000000)]
  0x000001f57ef34ff0 JavaThread "Signal Dispatcher" daemon [_thread_blocked, id=15332, stack(0x00000026cc000000,0x00000026cc100000)]
  0x000001f57ef358b0 JavaThread "Attach Listener" daemon [_thread_blocked, id=7504, stack(0x00000026cc100000,0x00000026cc200000)]
  0x000001f57ef37670 JavaThread "Service Thread" daemon [_thread_blocked, id=9976, stack(0x00000026cc200000,0x00000026cc300000)]
  0x000001f57ef38020 JavaThread "Monitor Deflation Thread" daemon [_thread_blocked, id=2728, stack(0x00000026cc300000,0x00000026cc400000)]
  0x000001f57ef38db0 JavaThread "C2 CompilerThread0" daemon [_thread_blocked, id=6120, stack(0x00000026cc400000,0x00000026cc500000)]
  0x000001f57ef39850 JavaThread "C1 CompilerThread0" daemon [_thread_blocked, id=4736, stack(0x00000026cc500000,0x00000026cc600000)]
  0x000001f57ef42860 JavaThread "Sweeper thread" daemon [_thread_blocked, id=10172, stack(0x00000026cc600000,0x00000026cc700000)]
  0x000001f57ef07330 JavaThread "Common-Cleaner" daemon [_thread_blocked, id=6004, stack(0x00000026cc700000,0x00000026cc800000)]
  0x000001f57ff9f560 JavaThread "Monitor Ctrl-Break" daemon [_thread_in_native, id=8016, stack(0x00000026cc800000,0x00000026cc900000)]
  0x000001f57ffc1ef0 JavaThread "Notification Thread" daemon [_thread_blocked, id=10636, stack(0x00000026cc900000,0x00000026cca00000)]
  0x000001f51c5e5040 JavaThread "C2 CompilerThread1" daemon [_thread_blocked, id=7140, stack(0x00000026ccb00000,0x00000026ccc00000)]

Other Threads:
  0x000001f57ef19130 VMThread "VM Thread" [stack: 0x00000026cbd00000,0x00000026cbe00000] [id=15108]
  0x000001f57d5537c0 WatcherThread [stack: 0x00000026cca00000,0x00000026ccb00000] [id=13940]
  0x000001f57d51dc80 GCTaskThread "GC Thread#0" [stack: 0x00000026cb800000,0x00000026cb900000] [id=5724]
  0x000001f57d549d00 ConcurrentGCThread "G1 Main Marker" [stack: 0x00000026cb900000,0x00000026cba00000] [id=5428]
  0x000001f57d54b5c0 ConcurrentGCThread "G1 Conc#0" [stack: 0x00000026cba00000,0x00000026cbb00000] [id=10192]
  0x000001f57d5ade20 ConcurrentGCThread "G1 Refine#0" [stack: 0x00000026cbb00000,0x00000026cbc00000] [id=15068]
  0x000001f57d5ae6e0 ConcurrentGCThread "G1 Service" [stack: 0x00000026cbc00000,0x00000026cbd00000] [id=9320]

Threads with active compile tasks:

VM state: not at safepoint (normal execution)

VM Mutex/Monitor currently owned by a thread: None

Heap address: 0x000000008ac00000, size: 1876 MB, Compressed Oops mode: 32-bit

CDS archive(s) mapped at: [0x0000000800000000-0x0000000800bc0000-0x0000000800bc0000), size 12320768, SharedBaseAddress: 0x0000000800000000, ArchiveRelocationMode: 0.
Compressed class space mapped at: 0x0000000800c00000-0x0000000840c00000, reserved size: 1073741824
Narrow klass base: 0x0000000800000000, Narrow klass shift: 0, Narrow klass range: 0x100000000

GC Precious Log:
 CPUs: 12 total, 12 available
 Memory: 7502M
 Large Page Support: Disabled
 NUMA Support: Disabled
 Compressed Oops: Enabled (32-bit)
 Heap Region Size: 1M
 Heap Min Capacity: 8M
 Heap Initial Capacity: 118M
 Heap Max Capacity: 1876M
 Pre-touch: Disabled
 Parallel Workers: 10
 Concurrent Workers: 3
 Concurrent Refinement Workers: 10
 Periodic GC: Disabled

Heap:
 garbage-first heap   total 120832K, used 8192K [0x000000008ac00000, 0x0000000100000000)
  region size 1024K, 9 young (9216K), 0 survivors (0K)
 Metaspace       used 3169K, committed 3328K, reserved 1056768K
  class space    used 235K, committed 320K, reserved 1048576K

Heap Regions: E=young(eden), S=young(survivor), O=old, HS=humongous(starts), HC=humongous(continues), CS=collection set, F=free, OA=open archive, CA=closed archive, TAMS=top-at-mark-start (previous, next)
|   0|0x000000008ac00000, 0x000000008ac00000, 0x000000008ad00000|  0%| F|  |TAMS 0x000000008ac00000, 0x000000008ac00000| Untracked 
|   1|0x000000008ad00000, 0x000000008ad00000, 0x000000008ae00000|  0%| F|  |TAMS 0x000000008ad00000, 0x000000008ad00000| Untracked 
|   2|0x000000008ae00000, 0x000000008ae00000, 0x000000008af00000|  0%| F|  |TAMS 0x000000008ae00000, 0x000000008ae00000| Untracked 
|   3|0x000000008af00000, 0x000000008af00000, 0x000000008b000000|  0%| F|  |TAMS 0x000000008af00000, 0x000000008af00000| Untracked 
|   4|0x000000008b000000, 0x000000008b000000, 0x000000008b100000|  0%| F|  |TAMS 0x000000008b000000, 0x000000008b000000| Untracked 
|   5|0x000000008b100000, 0x000000008b100000, 0x000000008b200000|  0%| F|  |TAMS 0x000000008b100000, 0x000000008b100000| Untracked 
|   6|0x000000008b200000, 0x000000008b200000, 0x000000008b300000|  0%| F|  |TAMS 0x000000008b200000, 0x000000008b200000| Untracked 
|   7|0x000000008b300000, 0x000000008b300000, 0x000000008b400000|  0%| F|  |TAMS 0x000000008b300000, 0x000000008b300000| Untracked 
|   8|0x000000008b400000, 0x000000008b400000, 0x000000008b500000|  0%| F|  |TAMS 0x000000008b400000, 0x000000008b400000| Untracked 
|   9|0x000000008b500000, 0x000000008b500000, 0x000000008b600000|  0%| F|  |TAMS 0x000000008b500000, 0x000000008b500000| Untracked 
|  10|0x000000008b600000, 0x000000008b600000, 0x000000008b700000|  0%| F|  |TAMS 0x000000008b600000, 0x000000008b600000| Untracked 
|  11|0x000000008b700000, 0x000000008b700000, 0x000000008b800000|  0%| F|  |TAMS 0x000000008b700000, 0x000000008b700000| Untracked 
|  12|0x000000008b800000, 0x000000008b800000, 0x000000008b900000|  0%| F|  |TAMS 0x000000008b800000, 0x000000008b800000| Untracked 
|  13|0x000000008b900000, 0x000000008b900000, 0x000000008ba00000|  0%| F|  |TAMS 0x000000008b900000, 0x000000008b900000| Untracked 
|  14|0x000000008ba00000, 0x000000008ba00000, 0x000000008bb00000|  0%| F|  |TAMS 0x000000008ba00000, 0x000000008ba00000| Untracked 
|  15|0x000000008bb00000, 0x000000008bb00000, 0x000000008bc00000|  0%| F|  |TAMS 0x000000008bb00000, 0x000000008bb00000| Untracked 
|  16|0x000000008bc00000, 0x000000008bc00000, 0x000000008bd00000|  0%| F|  |TAMS 0x000000008bc00000, 0x000000008bc00000| Untracked 
|  17|0x000000008bd00000, 0x000000008bd00000, 0x000000008be00000|  0%| F|  |TAMS 0x000000008bd00000, 0x000000008bd00000| Untracked 
|  18|0x000000008be00000, 0x000000008be00000, 0x000000008bf00000|  0%| F|  |TAMS 0x000000008be00000, 0x000000008be00000| Untracked 
|  19|0x000000008bf00000, 0x000000008bf00000, 0x000000008c000000|  0%| F|  |TAMS 0x000000008bf00000, 0x000000008bf00000| Untracked 
|  20|0x000000008c000000, 0x000000008c000000, 0x000000008c100000|  0%| F|  |TAMS 0x000000008c000000, 0x000000008c000000| Untracked 
|  21|0x000000008c100000, 0x000000008c100000, 0x000000008c200000|  0%| F|  |TAMS 0x000000008c100000, 0x000000008c100000| Untracked 
|  22|0x000000008c200000, 0x000000008c200000, 0x000000008c300000|  0%| F|  |TAMS 0x000000008c200000, 0x000000008c200000| Untracked 
|  23|0x000000008c300000, 0x000000008c300000, 0x000000008c400000|  0%| F|  |TAMS 0x000000008c300000, 0x000000008c300000| Untracked 
|  24|0x000000008c400000, 0x000000008c400000, 0x000000008c500000|  0%| F|  |TAMS 0x000000008c400000, 0x000000008c400000| Untracked 
|  25|0x000000008c500000, 0x000000008c500000, 0x000000008c600000|  0%| F|  |TAMS 0x000000008c500000, 0x000000008c500000| Untracked 
|  26|0x000000008c600000, 0x000000008c600000, 0x000000008c700000|  0%| F|  |TAMS 0x000000008c600000, 0x000000008c600000| Untracked 
|  27|0x000000008c700000, 0x000000008c700000, 0x000000008c800000|  0%| F|  |TAMS 0x000000008c700000, 0x000000008c700000| Untracked 
|  28|0x000000008c800000, 0x000000008c800000, 0x000000008c900000|  0%| F|  |TAMS 0x000000008c800000, 0x000000008c800000| Untracked 
|  29|0x000000008c900000, 0x000000008c900000, 0x000000008ca00000|  0%| F|  |TAMS 0x000000008c900000, 0x000000008c900000| Untracked 
|  30|0x000000008ca00000, 0x000000008ca00000, 0x000000008cb00000|  0%| F|  |TAMS 0x000000008ca00000, 0x000000008ca00000| Untracked 
|  31|0x000000008cb00000, 0x000000008cb00000, 0x000000008cc00000|  0%| F|  |TAMS 0x000000008cb00000, 0x000000008cb00000| Untracked 
|  32|0x000000008cc00000, 0x000000008cc00000, 0x000000008cd00000|  0%| F|  |TAMS 0x000000008cc00000, 0x000000008cc00000| Untracked 
|  33|0x000000008cd00000, 0x000000008cd00000, 0x000000008ce00000|  0%| F|  |TAMS 0x000000008cd00000, 0x000000008cd00000| Untracked 
|  34|0x000000008ce00000, 0x000000008ce00000, 0x000000008cf00000|  0%| F|  |TAMS 0x000000008ce00000, 0x000000008ce00000| Untracked 
|  35|0x000000008cf00000, 0x000000008cf00000, 0x000000008d000000|  0%| F|  |TAMS 0x000000008cf00000, 0x000000008cf00000| Untracked 
|  36|0x000000008d000000, 0x000000008d000000, 0x000000008d100000|  0%| F|  |TAMS 0x000000008d000000, 0x000000008d000000| Untracked 
|  37|0x000000008d100000, 0x000000008d100000, 0x000000008d200000|  0%| F|  |TAMS 0x000000008d100000, 0x000000008d100000| Untracked 
|  38|0x000000008d200000, 0x000000008d200000, 0x000000008d300000|  0%| F|  |TAMS 0x000000008d200000, 0x000000008d200000| Untracked 
|  39|0x000000008d300000, 0x000000008d300000, 0x000000008d400000|  0%| F|  |TAMS 0x000000008d300000, 0x000000008d300000| Untracked 
|  40|0x000000008d400000, 0x000000008d400000, 0x000000008d500000|  0%| F|  |TAMS 0x000000008d400000, 0x000000008d400000| Untracked 
|  41|0x000000008d500000, 0x000000008d500000, 0x000000008d600000|  0%| F|  |TAMS 0x000000008d500000, 0x000000008d500000| Untracked 
|  42|0x000000008d600000, 0x000000008d600000, 0x000000008d700000|  0%| F|  |TAMS 0x000000008d600000, 0x000000008d600000| Untracked 
|  43|0x000000008d700000, 0x000000008d700000, 0x000000008d800000|  0%| F|  |TAMS 0x000000008d700000, 0x000000008d700000| Untracked 
|  44|0x000000008d800000, 0x000000008d800000, 0x000000008d900000|  0%| F|  |TAMS 0x000000008d800000, 0x000000008d800000| Untracked 
|  45|0x000000008d900000, 0x000000008d900000, 0x000000008da00000|  0%| F|  |TAMS 0x000000008d900000, 0x000000008d900000| Untracked 
|  46|0x000000008da00000, 0x000000008da00000, 0x000000008db00000|  0%| F|  |TAMS 0x000000008da00000, 0x000000008da00000| Untracked 
|  47|0x000000008db00000, 0x000000008db00000, 0x000000008dc00000|  0%| F|  |TAMS 0x000000008db00000, 0x000000008db00000| Untracked 
|  48|0x000000008dc00000, 0x000000008dc00000, 0x000000008dd00000|  0%| F|  |TAMS 0x000000008dc00000, 0x000000008dc00000| Untracked 
|  49|0x000000008dd00000, 0x000000008dd00000, 0x000000008de00000|  0%| F|  |TAMS 0x000000008dd00000, 0x000000008dd00000| Untracked 
|  50|0x000000008de00000, 0x000000008de00000, 0x000000008df00000|  0%| F|  |TAMS 0x000000008de00000, 0x000000008de00000| Untracked 
|  51|0x000000008df00000, 0x000000008df00000, 0x000000008e000000|  0%| F|  |TAMS 0x000000008df00000, 0x000000008df00000| Untracked 
|  52|0x000000008e000000, 0x000000008e000000, 0x000000008e100000|  0%| F|  |TAMS 0x000000008e000000, 0x000000008e000000| Untracked 
|  53|0x000000008e100000, 0x000000008e100000, 0x000000008e200000|  0%| F|  |TAMS 0x000000008e100000, 0x000000008e100000| Untracked 
|  54|0x000000008e200000, 0x000000008e200000, 0x000000008e300000|  0%| F|  |TAMS 0x000000008e200000, 0x000000008e200000| Untracked 
|  55|0x000000008e300000, 0x000000008e300000, 0x000000008e400000|  0%| F|  |TAMS 0x000000008e300000, 0x000000008e300000| Untracked 
|  56|0x000000008e400000, 0x000000008e400000, 0x000000008e500000|  0%| F|  |TAMS 0x000000008e400000, 0x000000008e400000| Untracked 
|  57|0x000000008e500000, 0x000000008e500000, 0x000000008e600000|  0%| F|  |TAMS 0x000000008e500000, 0x000000008e500000| Untracked 
|  58|0x000000008e600000, 0x000000008e600000, 0x000000008e700000|  0%| F|  |TAMS 0x000000008e600000, 0x000000008e600000| Untracked 
|  59|0x000000008e700000, 0x000000008e700000, 0x000000008e800000|  0%| F|  |TAMS 0x000000008e700000, 0x000000008e700000| Untracked 
|  60|0x000000008e800000, 0x000000008e800000, 0x000000008e900000|  0%| F|  |TAMS 0x000000008e800000, 0x000000008e800000| Untracked 
|  61|0x000000008e900000, 0x000000008e900000, 0x000000008ea00000|  0%| F|  |TAMS 0x000000008e900000, 0x000000008e900000| Untracked 
|  62|0x000000008ea00000, 0x000000008ea00000, 0x000000008eb00000|  0%| F|  |TAMS 0x000000008ea00000, 0x000000008ea00000| Untracked 
|  63|0x000000008eb00000, 0x000000008eb00000, 0x000000008ec00000|  0%| F|  |TAMS 0x000000008eb00000, 0x000000008eb00000| Untracked 
|  64|0x000000008ec00000, 0x000000008ec00000, 0x000000008ed00000|  0%| F|  |TAMS 0x000000008ec00000, 0x000000008ec00000| Untracked 
|  65|0x000000008ed00000, 0x000000008ed00000, 0x000000008ee00000|  0%| F|  |TAMS 0x000000008ed00000, 0x000000008ed00000| Untracked 
|  66|0x000000008ee00000, 0x000000008ee00000, 0x000000008ef00000|  0%| F|  |TAMS 0x000000008ee00000, 0x000000008ee00000| Untracked 
|  67|0x000000008ef00000, 0x000000008ef00000, 0x000000008f000000|  0%| F|  |TAMS 0x000000008ef00000, 0x000000008ef00000| Untracked 
|  68|0x000000008f000000, 0x000000008f000000, 0x000000008f100000|  0%| F|  |TAMS 0x000000008f000000, 0x000000008f000000| Untracked 
|  69|0x000000008f100000, 0x000000008f100000, 0x000000008f200000|  0%| F|  |TAMS 0x000000008f100000, 0x000000008f100000| Untracked 
|  70|0x000000008f200000, 0x000000008f200000, 0x000000008f300000|  0%| F|  |TAMS 0x000000008f200000, 0x000000008f200000| Untracked 
|  71|0x000000008f300000, 0x000000008f300000, 0x000000008f400000|  0%| F|  |TAMS 0x000000008f300000, 0x000000008f300000| Untracked 
|  72|0x000000008f400000, 0x000000008f400000, 0x000000008f500000|  0%| F|  |TAMS 0x000000008f400000, 0x000000008f400000| Untracked 
|  73|0x000000008f500000, 0x000000008f500000, 0x000000008f600000|  0%| F|  |TAMS 0x000000008f500000, 0x000000008f500000| Untracked 
|  74|0x000000008f600000, 0x000000008f600000, 0x000000008f700000|  0%| F|  |TAMS 0x000000008f600000, 0x000000008f600000| Untracked 
|  75|0x000000008f700000, 0x000000008f700000, 0x000000008f800000|  0%| F|  |TAMS 0x000000008f700000, 0x000000008f700000| Untracked 
|  76|0x000000008f800000, 0x000000008f800000, 0x000000008f900000|  0%| F|  |TAMS 0x000000008f800000, 0x000000008f800000| Untracked 
|  77|0x000000008f900000, 0x000000008f900000, 0x000000008fa00000|  0%| F|  |TAMS 0x000000008f900000, 0x000000008f900000| Untracked 
|  78|0x000000008fa00000, 0x000000008fa00000, 0x000000008fb00000|  0%| F|  |TAMS 0x000000008fa00000, 0x000000008fa00000| Untracked 
|  79|0x000000008fb00000, 0x000000008fb00000, 0x000000008fc00000|  0%| F|  |TAMS 0x000000008fb00000, 0x000000008fb00000| Untracked 
|  80|0x000000008fc00000, 0x000000008fc00000, 0x000000008fd00000|  0%| F|  |TAMS 0x000000008fc00000, 0x000000008fc00000| Untracked 
|  81|0x000000008fd00000, 0x000000008fd00000, 0x000000008fe00000|  0%| F|  |TAMS 0x000000008fd00000, 0x000000008fd00000| Untracked 
|  82|0x000000008fe00000, 0x000000008fe00000, 0x000000008ff00000|  0%| F|  |TAMS 0x000000008fe00000, 0x000000008fe00000| Untracked 
|  83|0x000000008ff00000, 0x000000008ff00000, 0x0000000090000000|  0%| F|  |TAMS 0x000000008ff00000, 0x000000008ff00000| Untracked 
|  84|0x0000000090000000, 0x0000000090000000, 0x0000000090100000|  0%| F|  |TAMS 0x0000000090000000, 0x0000000090000000| Untracked 
|  85|0x0000000090100000, 0x0000000090100000, 0x0000000090200000|  0%| F|  |TAMS 0x0000000090100000, 0x0000000090100000| Untracked 
|  86|0x0000000090200000, 0x0000000090200000, 0x0000000090300000|  0%| F|  |TAMS 0x0000000090200000, 0x0000000090200000| Untracked 
|  87|0x0000000090300000, 0x0000000090300000, 0x0000000090400000|  0%| F|  |TAMS 0x0000000090300000, 0x0000000090300000| Untracked 
|  88|0x0000000090400000, 0x0000000090400000, 0x0000000090500000|  0%| F|  |TAMS 0x0000000090400000, 0x0000000090400000| Untracked 
|  89|0x0000000090500000, 0x0000000090500000, 0x0000000090600000|  0%| F|  |TAMS 0x0000000090500000, 0x0000000090500000| Untracked 
|  90|0x0000000090600000, 0x0000000090600000, 0x0000000090700000|  0%| F|  |TAMS 0x0000000090600000, 0x0000000090600000| Untracked 
|  91|0x0000000090700000, 0x0000000090700000, 0x0000000090800000|  0%| F|  |TAMS 0x0000000090700000, 0x0000000090700000| Untracked 
|  92|0x0000000090800000, 0x0000000090800000, 0x0000000090900000|  0%| F|  |TAMS 0x0000000090800000, 0x0000000090800000| Untracked 
|  93|0x0000000090900000, 0x0000000090900000, 0x0000000090a00000|  0%| F|  |TAMS 0x0000000090900000, 0x0000000090900000| Untracked 
|  94|0x0000000090a00000, 0x0000000090a00000, 0x0000000090b00000|  0%| F|  |TAMS 0x0000000090a00000, 0x0000000090a00000| Untracked 
|  95|0x0000000090b00000, 0x0000000090b00000, 0x0000000090c00000|  0%| F|  |TAMS 0x0000000090b00000, 0x0000000090b00000| Untracked 
|  96|0x0000000090c00000, 0x0000000090c00000, 0x0000000090d00000|  0%| F|  |TAMS 0x0000000090c00000, 0x0000000090c00000| Untracked 
|  97|0x0000000090d00000, 0x0000000090d00000, 0x0000000090e00000|  0%| F|  |TAMS 0x0000000090d00000, 0x0000000090d00000| Untracked 
|  98|0x0000000090e00000, 0x0000000090e00000, 0x0000000090f00000|  0%| F|  |TAMS 0x0000000090e00000, 0x0000000090e00000| Untracked 
|  99|0x0000000090f00000, 0x0000000090f00000, 0x0000000091000000|  0%| F|  |TAMS 0x0000000090f00000, 0x0000000090f00000| Untracked 
| 100|0x0000000091000000, 0x0000000091000000, 0x0000000091100000|  0%| F|  |TAMS 0x0000000091000000, 0x0000000091000000| Untracked 
| 101|0x0000000091100000, 0x0000000091100000, 0x0000000091200000|  0%| F|  |TAMS 0x0000000091100000, 0x0000000091100000| Untracked 
| 102|0x0000000091200000, 0x0000000091200000, 0x0000000091300000|  0%| F|  |TAMS 0x0000000091200000, 0x0000000091200000| Untracked 
| 103|0x0000000091300000, 0x0000000091300000, 0x0000000091400000|  0%| F|  |TAMS 0x0000000091300000, 0x0000000091300000| Untracked 
| 104|0x0000000091400000, 0x0000000091400000, 0x0000000091500000|  0%| F|  |TAMS 0x0000000091400000, 0x0000000091400000| Untracked 
| 105|0x0000000091500000, 0x0000000091500000, 0x0000000091600000|  0%| F|  |TAMS 0x0000000091500000, 0x0000000091500000| Untracked 
| 106|0x0000000091600000, 0x0000000091600000, 0x0000000091700000|  0%| F|  |TAMS 0x0000000091600000, 0x0000000091600000| Untracked 
| 107|0x0000000091700000, 0x0000000091700000, 0x0000000091800000|  0%| F|  |TAMS 0x0000000091700000, 0x0000000091700000| Untracked 
| 108|0x0000000091800000, 0x0000000091800000, 0x0000000091900000|  0%| F|  |TAMS 0x0000000091800000, 0x0000000091800000| Untracked 
| 109|0x0000000091900000, 0x00000000919fd528, 0x0000000091a00000| 98%| E|  |TAMS 0x0000000091900000, 0x0000000091900000| Complete 
| 110|0x0000000091a00000, 0x0000000091b00000, 0x0000000091b00000|100%| E|CS|TAMS 0x0000000091a00000, 0x0000000091a00000| Complete 
| 111|0x0000000091b00000, 0x0000000091c00000, 0x0000000091c00000|100%| E|CS|TAMS 0x0000000091b00000, 0x0000000091b00000| Complete 
| 112|0x0000000091c00000, 0x0000000091d00000, 0x0000000091d00000|100%| E|CS|TAMS 0x0000000091c00000, 0x0000000091c00000| Complete 
| 113|0x0000000091d00000, 0x0000000091e00000, 0x0000000091e00000|100%| E|CS|TAMS 0x0000000091d00000, 0x0000000091d00000| Complete 
| 114|0x0000000091e00000, 0x0000000091f00000, 0x0000000091f00000|100%| E|CS|TAMS 0x0000000091e00000, 0x0000000091e00000| Complete 
| 115|0x0000000091f00000, 0x0000000092000000, 0x0000000092000000|100%| E|CS|TAMS 0x0000000091f00000, 0x0000000091f00000| Complete 
| 116|0x0000000092000000, 0x0000000092100000, 0x0000000092100000|100%| E|CS|TAMS 0x0000000092000000, 0x0000000092000000| Complete 
| 117|0x0000000092100000, 0x0000000092200000, 0x0000000092200000|100%| E|CS|TAMS 0x0000000092100000, 0x0000000092100000| Complete 

Card table byte_map: [0x000001f57deb0000,0x000001f57e260000] _byte_map_base: 0x000001f57da5a000

Marking Bits (Prev, Next): (CMBitMap*) 0x000001f57d51e290, (CMBitMap*) 0x000001f57d51e2d0
 Prev Bits: [0x000001f516730000, 0x000001f518480000)
 Next Bits: [0x000001f518480000, 0x000001f51a1d0000)

Polling page: 0x000001f57b470000

Metaspace:

Usage:
  Non-class:      2.86 MB used.
      Class:    235.84 KB used.
       Both:      3.09 MB used.

Virtual space:
  Non-class space:        8.00 MB reserved,       2.94 MB ( 37%) committed,  1 nodes.
      Class space:        1.00 GB reserved,     320.00 KB ( <1%) committed,  1 nodes.
             Both:        1.01 GB reserved,       3.25 MB ( <1%) committed. 

Chunk freelists:
   Non-Class:  2.89 MB
       Class:  3.67 MB
        Both:  6.56 MB

MaxMetaspaceSize: unlimited
CompressedClassSpaceSize: 1.00 GB
Initial GC threshold: 21.00 MB
Current GC threshold: 21.00 MB
CDS: on
MetaspaceReclaimPolicy: balanced
 - commit_granule_bytes: 65536.
 - commit_granule_words: 8192.
 - virtual_space_node_default_size: 1048576.
 - enlarge_chunks_in_place: 1.
 - new_chunks_are_fully_committed: 0.
 - uncommit_free_chunks: 1.
 - use_allocation_guard: 0.
 - handle_deallocations: 1.


Internal statistics:

num_allocs_failed_limit: 0.
num_arena_births: 62.
num_arena_deaths: 0.
num_vsnodes_births: 2.
num_vsnodes_deaths: 0.
num_space_committed: 52.
num_space_uncommitted: 0.
num_chunks_returned_to_freelist: 0.
num_chunks_taken_from_freelist: 121.
num_chunk_merges: 0.
num_chunk_splits: 81.
num_chunks_enlarged: 52.
num_purges: 0.
num_inconsistent_stats: 0.

CodeHeap 'non-profiled nmethods': size=120000Kb used=209Kb max_used=209Kb free=119790Kb
 bounds [0x000001f50f200000, 0x000001f50f470000, 0x000001f516730000]
CodeHeap 'profiled nmethods': size=120000Kb used=1063Kb max_used=1063Kb free=118937Kb
 bounds [0x000001f507cd0000, 0x000001f507f40000, 0x000001f50f200000]
CodeHeap 'non-nmethods': size=5760Kb used=1179Kb max_used=1202Kb free=4581Kb
 bounds [0x000001f507730000, 0x000001f5079a0000, 0x000001f507cd0000]
 total_blobs=1103 nmethods=625 adapters=391
 compilation: enabled
              stopped_count=0, restarted_count=0
 full_count=0

Compilation events (20 events):
Event: 0.475 Thread 0x000001f57ef39850  614       3       java.lang.invoke.LambdaForm$Name::initIndex (26 bytes)
Event: 0.475 Thread 0x000001f57ef39850 nmethod 614 0x000001f507dd4e90 code [0x000001f507dd5020, 0x000001f507dd51d8]
Event: 0.475 Thread 0x000001f57ef39850  612       3       java.lang.invoke.MethodType$ConcurrentWeakInternSet::add (66 bytes)
Event: 0.475 Thread 0x000001f57ef39850 nmethod 612 0x000001f507dd5290 code [0x000001f507dd5500, 0x000001f507dd62e8]
Event: 0.475 Thread 0x000001f57ef39850  610       3       java.util.regex.Pattern::peek (26 bytes)
Event: 0.476 Thread 0x000001f57ef39850 nmethod 610 0x000001f507dd6790 code [0x000001f507dd6940, 0x000001f507dd6ba8]
Event: 0.477 Thread 0x000001f57ef39850  618       3       java.io.File::exists (34 bytes)
Event: 0.477 Thread 0x000001f57ef39850 nmethod 618 0x000001f507dd6d10 code [0x000001f507dd6f00, 0x000001f507dd7448]
Event: 0.478 Thread 0x000001f57ef39850  619       3       java.net.URLStreamHandler::setURL (73 bytes)
Event: 0.479 Thread 0x000001f57ef39850 nmethod 619 0x000001f507dd7610 code [0x000001f507dd78e0, 0x000001f507dd86f8]
Event: 0.479 Thread 0x000001f57ef39850  620       3       java.io.RandomAccessFile::seek (22 bytes)
Event: 0.479 Thread 0x000001f57ef39850 nmethod 620 0x000001f507dd8c10 code [0x000001f507dd8dc0, 0x000001f507dd8ff8]
Event: 0.479 Thread 0x000001f57ef39850  623       3       java.lang.Integer::toUnsignedLong (7 bytes)
Event: 0.479 Thread 0x000001f57ef39850 nmethod 623 0x000001f507dd9110 code [0x000001f507dd92a0, 0x000001f507dd9398]
Event: 0.479 Thread 0x000001f57ef39850  624       3       sun.misc.Unsafe::putLong (11 bytes)
Event: 0.479 Thread 0x000001f51c5e5040  626       4       java.lang.Integer::toUnsignedLong (7 bytes)
Event: 0.479 Thread 0x000001f57ef39850 nmethod 624 0x000001f507dd9410 code [0x000001f507dd95a0, 0x000001f507dd96b8]
Event: 0.479 Thread 0x000001f57ef39850  625       3       org.lwjgl.system.MemoryUtil::memPutAddress (29 bytes)
Event: 0.479 Thread 0x000001f51c5e5040 nmethod 626 0x000001f50f234290 code [0x000001f50f234400, 0x000001f50f234458]
Event: 0.480 Thread 0x000001f57ef39850 nmethod 625 0x000001f507dd9790 code [0x000001f507dd9940, 0x000001f507dd9b38]

GC Heap History (0 events):
No events

Deoptimization events (20 events):
Event: 0.418 Thread 0x000001f57d4e0cf0 DEOPT PACKING pc=0x000001f507d9bd20 sp=0x00000026cb7fced0
Event: 0.418 Thread 0x000001f57d4e0cf0 DEOPT UNPACKING pc=0x000001f507782b43 sp=0x00000026cb7fc348 mode 0
Event: 0.418 Thread 0x000001f57d4e0cf0 DEOPT PACKING pc=0x000001f507d9bd20 sp=0x00000026cb7fced0
Event: 0.418 Thread 0x000001f57d4e0cf0 DEOPT UNPACKING pc=0x000001f507782b43 sp=0x00000026cb7fc348 mode 0
Event: 0.418 Thread 0x000001f57d4e0cf0 DEOPT PACKING pc=0x000001f507d9bd20 sp=0x00000026cb7fced0
Event: 0.418 Thread 0x000001f57d4e0cf0 DEOPT UNPACKING pc=0x000001f507782b43 sp=0x00000026cb7fc348 mode 0
Event: 0.418 Thread 0x000001f57d4e0cf0 DEOPT PACKING pc=0x000001f507d9bd20 sp=0x00000026cb7fced0
Event: 0.418 Thread 0x000001f57d4e0cf0 DEOPT UNPACKING pc=0x000001f507782b43 sp=0x00000026cb7fc348 mode 0
Event: 0.419 Thread 0x000001f57d4e0cf0 DEOPT PACKING pc=0x000001f507d9bd20 sp=0x00000026cb7fced0
Event: 0.419 Thread 0x000001f57d4e0cf0 DEOPT UNPACKING pc=0x000001f507782b43 sp=0x00000026cb7fc348 mode 0
Event: 0.419 Thread 0x000001f57d4e0cf0 DEOPT PACKING pc=0x000001f507d9bd20 sp=0x00000026cb7fced0
Event: 0.419 Thread 0x000001f57d4e0cf0 DEOPT UNPACKING pc=0x000001f507782b43 sp=0x00000026cb7fc348 mode 0
Event: 0.419 Thread 0x000001f57d4e0cf0 DEOPT PACKING pc=0x000001f507d9bd20 sp=0x00000026cb7fced0
Event: 0.419 Thread 0x000001f57d4e0cf0 DEOPT UNPACKING pc=0x000001f507782b43 sp=0x00000026cb7fc348 mode 0
Event: 0.420 Thread 0x000001f57d4e0cf0 DEOPT PACKING pc=0x000001f507d9bd20 sp=0x00000026cb7fced0
Event: 0.420 Thread 0x000001f57d4e0cf0 DEOPT UNPACKING pc=0x000001f507782b43 sp=0x00000026cb7fc348 mode 0
Event: 0.420 Thread 0x000001f57d4e0cf0 DEOPT PACKING pc=0x000001f507d9bd20 sp=0x00000026cb7fced0
Event: 0.420 Thread 0x000001f57d4e0cf0 DEOPT UNPACKING pc=0x000001f507782b43 sp=0x00000026cb7fc348 mode 0
Event: 0.427 Thread 0x000001f57d4e0cf0 DEOPT PACKING pc=0x000001f507d21be5 sp=0x00000026cb7fb0d0
Event: 0.427 Thread 0x000001f57d4e0cf0 DEOPT UNPACKING pc=0x000001f507782b43 sp=0x00000026cb7fa520 mode 0

Classes unloaded (0 events):
No events

Classes redefined (0 events):
No events

Internal exceptions (18 events):
Event: 0.201 Thread 0x000001f57ff9f560 Exception <a 'java/lang/NoSuchMethodError'{0x0000000091ef1530}: 'java.lang.Object java.lang.invoke.DirectMethodHandle$Holder.invokeStaticInit(java.lang.Object)'> (0x0000000091ef1530) 
thrown [t:\workspace\open\src\hotspot\share\interpreter\linkResolver.cpp, line 766]
Event: 0.211 Thread 0x000001f57ff9f560 Exception <a 'java/lang/NoSuchMethodError'{0x0000000091eff240}: 'void java.lang.invoke.DirectMethodHandle$Holder.invokeStatic(java.lang.Object, java.lang.Object)'> (0x0000000091eff240) 
thrown [t:\workspace\open\src\hotspot\share\interpreter\linkResolver.cpp, line 766]
Event: 0.256 Thread 0x000001f57d4e0cf0 Exception <a 'java/lang/NoSuchMethodError'{0x0000000091c43ee8}: 'void java.lang.invoke.DirectMethodHandle$Holder.invokeSpecial(java.lang.Object, java.lang.Object, java.lang.Object)'> (0x0000000091c43ee8) 
thrown [t:\workspace\open\src\hotspot\share\interpreter\linkResolver.cpp, line 766]
Event: 0.261 Thread 0x000001f57d4e0cf0 Exception <a 'java/lang/NoSuchMethodError'{0x0000000091c57580}: 'java.lang.Object java.lang.invoke.DirectMethodHandle$Holder.invokeStatic(java.lang.Object, java.lang.Object, int)'> (0x0000000091c57580) 
thrown [t:\workspace\open\src\hotspot\share\interpreter\linkResolver.cpp, line 766]
Event: 0.263 Thread 0x000001f57d4e0cf0 Exception <a 'java/lang/NoSuchMethodError'{0x0000000091c633e8}: 'void java.lang.invoke.DelegatingMethodHandle$Holder.delegate(java.lang.Object, java.lang.Object, int, java.lang.Object)'> (0x0000000091c633e8) 
thrown [t:\workspace\open\src\hotspot\share\interpreter\linkResolver.cpp, line 766]
Event: 0.263 Thread 0x000001f57d4e0cf0 Exception <a 'java/lang/NoSuchMethodError'{0x0000000091c67420}: 'int java.lang.invoke.DirectMethodHandle$Holder.invokeSpecial(java.lang.Object, java.lang.Object, java.lang.Object)'> (0x0000000091c67420) 
thrown [t:\workspace\open\src\hotspot\share\interpreter\linkResolver.cpp, line 766]
Event: 0.322 Thread 0x000001f57d4e0cf0 Exception <a 'sun/nio/fs/WindowsException'{0x0000000091bd9aa8}> (0x0000000091bd9aa8) 
thrown [t:\workspace\open\src\hotspot\share\prims\jni.cpp, line 516]
Event: 0.322 Thread 0x000001f57d4e0cf0 Exception <a 'sun/nio/fs/WindowsException'{0x0000000091bda038}> (0x0000000091bda038) 
thrown [t:\workspace\open\src\hotspot\share\prims\jni.cpp, line 516]
Event: 0.411 Thread 0x000001f57d4e0cf0 Exception <a 'sun/nio/fs/WindowsException'{0x0000000091a81020}> (0x0000000091a81020) 
thrown [t:\workspace\open\src\hotspot\share\prims\jni.cpp, line 516]
Event: 0.411 Thread 0x000001f57d4e0cf0 Exception <a 'sun/nio/fs/WindowsException'{0x0000000091a81408}> (0x0000000091a81408) 
thrown [t:\workspace\open\src\hotspot\share\prims\jni.cpp, line 516]
Event: 0.423 Thread 0x000001f57d4e0cf0 Exception <a 'sun/nio/fs/WindowsException'{0x0000000091a8ecc0}> (0x0000000091a8ecc0) 
thrown [t:\workspace\open\src\hotspot\share\prims\jni.cpp, line 516]
Event: 0.423 Thread 0x000001f57d4e0cf0 Exception <a 'sun/nio/fs/WindowsException'{0x0000000091a8efe0}> (0x0000000091a8efe0) 
thrown [t:\workspace\open\src\hotspot\share\prims\jni.cpp, line 516]
Event: 0.444 Thread 0x000001f57d4e0cf0 Exception <a 'java/lang/NoSuchMethodError'{0x0000000091ae4930}: 'int java.lang.invoke.DirectMethodHandle$Holder.invokeStaticInit(java.lang.Object, java.lang.Object, int, long)'> (0x0000000091ae4930) 
thrown [t:\workspace\open\src\hotspot\share\interpreter\linkResolver.cpp, line 766]
Event: 0.445 Thread 0x000001f57d4e0cf0 Exception <a 'java/lang/NoSuchMethodError'{0x0000000091aea4a0}: 'java.lang.Object java.lang.invoke.DirectMethodHandle$Holder.newInvokeSpecial(java.lang.Object, java.lang.Object, int)'> (0x0000000091aea4a0) 
thrown [t:\workspace\open\src\hotspot\share\interpreter\linkResolver.cpp, line 766]
Event: 0.452 Thread 0x000001f57d4e0cf0 Exception <a 'java/lang/NoSuchMethodError'{0x0000000091afb038}: 'int java.lang.invoke.DirectMethodHandle$Holder.invokeStaticInit(java.lang.Object, java.lang.Object, long, long)'> (0x0000000091afb038) 
thrown [t:\workspace\open\src\hotspot\share\interpreter\linkResolver.cpp, line 766]
Event: 0.453 Thread 0x000001f57d4e0cf0 Exception <a 'java/lang/NoSuchMethodError'{0x0000000091901a50}: 'java.lang.Object java.lang.invoke.DirectMethodHandle$Holder.newInvokeSpecial(java.lang.Object, java.lang.Object, long)'> (0x0000000091901a50) 
thrown [t:\workspace\open\src\hotspot\share\interpreter\linkResolver.cpp, line 766]
Event: 0.453 Thread 0x000001f57d4e0cf0 Exception <a 'java/lang/NoSuchMethodError'{0x0000000091905da8}: 'java.lang.Object java.lang.invoke.Invokers$Holder.linkToTargetMethod(java.lang.Object, long, java.lang.Object)'> (0x0000000091905da8) 
thrown [t:\workspace\open\src\hotspot\share\interpreter\linkResolver.cpp, line 766]
Event: 0.455 Thread 0x000001f57d4e0cf0 Exception <a 'java/lang/NoSuchMethodError'{0x000000009190d4c0}: 'int java.lang.invoke.DirectMethodHandle$Holder.invokeStaticInit(java.lang.Object, java.lang.Object, java.lang.Object, long)'> (0x000000009190d4c0) 
thrown [t:\workspace\open\src\hotspot\share\interpreter\linkResolver.cpp, line 766]

VM Operations (6 events):
Event: 0.102 Executing VM operation: HandshakeAllThreads
Event: 0.103 Executing VM operation: HandshakeAllThreads done
Event: 0.199 Executing VM operation: HandshakeAllThreads
Event: 0.199 Executing VM operation: HandshakeAllThreads done
Event: 0.312 Executing VM operation: HandshakeAllThreads
Event: 0.312 Executing VM operation: HandshakeAllThreads done

Events (20 events):
Event: 0.439 loading class java/nio/DirectDoubleBufferU
Event: 0.439 loading class java/nio/DirectDoubleBufferU done
Event: 0.439 loading class sun/misc/Unsafe
Event: 0.439 loading class sun/misc/Unsafe done
Event: 0.440 loading class jdk/internal/reflect/UnsafeFieldAccessorFactory
Event: 0.440 loading class jdk/internal/reflect/UnsafeFieldAccessorFactory done
Event: 0.440 loading class jdk/internal/reflect/UnsafeQualifiedStaticObjectFieldAccessorImpl
Event: 0.440 loading class jdk/internal/reflect/UnsafeQualifiedStaticFieldAccessorImpl
Event: 0.440 loading class jdk/internal/reflect/UnsafeQualifiedStaticFieldAccessorImpl done
Event: 0.440 loading class jdk/internal/reflect/UnsafeQualifiedStaticObjectFieldAccessorImpl done
Event: 0.443 loading class java/util/function/LongPredicate
Event: 0.443 loading class java/util/function/LongPredicate done
Event: 0.447 loading class jdk/internal/access/foreign/MemorySegmentProxy
Event: 0.447 loading class jdk/internal/access/foreign/MemorySegmentProxy done
Event: 0.458 loading class java/nio/InvalidMarkException
Event: 0.458 loading class java/nio/InvalidMarkException done
Event: 0.458 loading class java/nio/BufferUnderflowException
Event: 0.458 loading class java/nio/BufferUnderflowException done
Event: 0.475 loading class java/util/Formatter$FixedString
Event: 0.476 loading class java/util/Formatter$FixedString done


Dynamic libraries:
0x00007ff63a750000 - 0x00007ff63a760000 	C:\Program Files\Java\jdk-17.0.1\bin\java.exe
0x00007ffe1f890000 - 0x00007ffe1faa4000 	C:\WINDOWS\SYSTEM32\ntdll.dll
0x00007ffe1e2a0000 - 0x00007ffe1e362000 	C:\WINDOWS\System32\KERNEL32.DLL
0x00007ffe1d040000 - 0x00007ffe1d3e3000 	C:\WINDOWS\System32\KERNELBASE.dll
0x00007ffe1cc90000 - 0x00007ffe1cda1000 	C:\WINDOWS\System32\ucrtbase.dll
0x00007ffde7750000 - 0x00007ffde776a000 	C:\Program Files\Java\jdk-17.0.1\bin\VCRUNTIME140.dll
0x00007ffde7770000 - 0x00007ffde7788000 	C:\Program Files\Java\jdk-17.0.1\bin\jli.dll
0x00007ffe1e190000 - 0x00007ffe1e23e000 	C:\WINDOWS\System32\ADVAPI32.dll
0x00007ffe1dec0000 - 0x00007ffe1df67000 	C:\WINDOWS\System32\msvcrt.dll
0x00007ffe1f510000 - 0x00007ffe1f5b4000 	C:\WINDOWS\System32\sechost.dll
0x00007ffe1f3f0000 - 0x00007ffe1f507000 	C:\WINDOWS\System32\RPCRT4.dll
0x00007ffe1d670000 - 0x00007ffe1d81a000 	C:\WINDOWS\System32\USER32.dll
0x00007ffe1d010000 - 0x00007ffe1d036000 	C:\WINDOWS\System32\win32u.dll
0x00007ffe02400000 - 0x00007ffe0268e000 	C:\WINDOWS\WinSxS\amd64_microsoft.windows.common-controls_6595b64144ccf1df_6.0.22621.1635_none_270f70857386168e\COMCTL32.dll
0x00007ffe1f380000 - 0x00007ffe1f3a9000 	C:\WINDOWS\System32\GDI32.dll
0x00007ffe1ce30000 - 0x00007ffe1cf49000 	C:\WINDOWS\System32\gdi32full.dll
0x00007ffe1d460000 - 0x00007ffe1d4fa000 	C:\WINDOWS\System32\msvcp_win.dll
0x00007ffe12eb0000 - 0x00007ffe12eba000 	C:\WINDOWS\SYSTEM32\VERSION.dll
0x00007ffe1f3b0000 - 0x00007ffe1f3e1000 	C:\WINDOWS\System32\IMM32.DLL
0x00007ffe19f00000 - 0x00007ffe19f0c000 	C:\Program Files\Java\jdk-17.0.1\bin\vcruntime140_1.dll
0x00007ffde4b40000 - 0x00007ffde4bcd000 	C:\Program Files\Java\jdk-17.0.1\bin\msvcp140.dll
0x00007ffdce540000 - 0x00007ffdcf0fe000 	C:\Program Files\Java\jdk-17.0.1\bin\server\jvm.dll
0x00007ffe1e0d0000 - 0x00007ffe1e0d8000 	C:\WINDOWS\System32\PSAPI.DLL
0x00007ffdfd120000 - 0x00007ffdfd129000 	C:\WINDOWS\SYSTEM32\WSOCK32.dll
0x00007ffe13e60000 - 0x00007ffe13e94000 	C:\WINDOWS\SYSTEM32\WINMM.dll
0x00007ffe1f7b0000 - 0x00007ffe1f821000 	C:\WINDOWS\System32\WS2_32.dll
0x00007ffe1bd40000 - 0x00007ffe1bd58000 	C:\WINDOWS\SYSTEM32\kernel.appcore.dll
0x00007ffe07540000 - 0x00007ffe0754a000 	C:\Program Files\Java\jdk-17.0.1\bin\jimage.dll
0x00007ffe08f00000 - 0x00007ffe0912e000 	C:\WINDOWS\SYSTEM32\DBGHELP.DLL
0x00007ffe1d820000 - 0x00007ffe1dba9000 	C:\WINDOWS\System32\combase.dll
0x00007ffe1f290000 - 0x00007ffe1f367000 	C:\WINDOWS\System32\OLEAUT32.dll
0x00007ffe00ff0000 - 0x00007ffe01022000 	C:\WINDOWS\SYSTEM32\dbgcore.DLL
0x00007ffe1cdb0000 - 0x00007ffe1ce2a000 	C:\WINDOWS\System32\bcryptPrimitives.dll
0x00007ffe14100000 - 0x00007ffe1410e000 	C:\Program Files\Java\jdk-17.0.1\bin\instrument.dll
0x00007ffde7720000 - 0x00007ffde7745000 	C:\Program Files\Java\jdk-17.0.1\bin\java.dll
0x00007ffde4a60000 - 0x00007ffde4b36000 	C:\Program Files\Java\jdk-17.0.1\bin\svml.dll
0x00007ffe1e590000 - 0x00007ffe1ed89000 	C:\WINDOWS\System32\SHELL32.dll
0x00007ffe1ac40000 - 0x00007ffe1b50e000 	C:\WINDOWS\SYSTEM32\windows.storage.dll
0x00007ffe1ab00000 - 0x00007ffe1ac3e000 	C:\WINDOWS\SYSTEM32\wintypes.dll
0x00007ffe1dbb0000 - 0x00007ffe1dca1000 	C:\WINDOWS\System32\SHCORE.dll
0x00007ffe1e530000 - 0x00007ffe1e58e000 	C:\WINDOWS\System32\shlwapi.dll
0x00007ffe1cbc0000 - 0x00007ffe1cbe6000 	C:\WINDOWS\SYSTEM32\profapi.dll
0x00007ffde4a40000 - 0x00007ffde4a58000 	C:\Program Files\Java\jdk-17.0.1\bin\zip.dll
0x00007ffde7700000 - 0x00007ffde7719000 	C:\Program Files\Java\jdk-17.0.1\bin\net.dll
0x00007ffe16b20000 - 0x00007ffe16c57000 	C:\WINDOWS\SYSTEM32\WINHTTP.dll
0x00007ffe1c1d0000 - 0x00007ffe1c239000 	C:\WINDOWS\system32\mswsock.dll
0x00007ffde76e0000 - 0x00007ffde76f5000 	C:\Program Files\Java\jdk-17.0.1\bin\nio.dll
0x00007ffe19f40000 - 0x00007ffe19f5a000 	C:\Program Files\JetBrains\IntelliJ IDEA 2023.1.1\bin\breakgen64.dll
0x00007ffe021b0000 - 0x00007ffe0222a000 	C:\Users\pandey anurag\AppData\Local\Temp\lwjgl_pandey anurag\3.3.2+13\x64\lwjgl.dll
0x00007ffe048c0000 - 0x00007ffe0491e000 	C:\Users\pandey anurag\AppData\Local\Temp\lwjgl_pandey anurag\3.3.2+13\x64\lwjgl_opengl.dll
0x00007ffde62a0000 - 0x00007ffde63a0000 	C:\WINDOWS\SYSTEM32\opengl32.dll
0x00007ffe06c00000 - 0x00007ffe06c2d000 	C:\WINDOWS\SYSTEM32\GLU32.dll
0x00007ffe1a330000 - 0x00007ffe1a368000 	C:\WINDOWS\SYSTEM32\dxcore.dll

dbghelp: loaded successfully - version: 4.0.5 - missing functions: none
symbol engine: initialized successfully - sym options: 0x614 - pdb path: .;C:\Program Files\Java\jdk-17.0.1\bin;C:\WINDOWS\SYSTEM32;C:\WINDOWS\WinSxS\amd64_microsoft.windows.common-controls_6595b64144ccf1df_6.0.22621.1635_none_270f70857386168e;C:\Program Files\Java\jdk-17.0.1\bin\server;C:\Program Files\JetBrains\IntelliJ IDEA 2023.1.1\bin;C:\Users\pandey anurag\AppData\Local\Temp\lwjgl_pandey anurag\3.3.2+13\x64

VM Arguments:
jvm_args: -javaagent:C:\Program Files\JetBrains\IntelliJ IDEA 2023.1.1\lib\idea_rt.jar=61819:C:\Program Files\JetBrains\IntelliJ IDEA 2023.1.1\bin -Dfile.encoding=UTF-8 
java_command: MainKt
java_class_path (initial): E:\lwjgl\simpleEngine\SimpleEngine\build\classes\kotlin\main;E:\lwjgl\simpleEngine\SimpleEngine\build\resources\main;C:\Users\pandey anurag\.gradle\caches\modules-2\files-2.1\org.jetbrains.kotlin\kotlin-stdlib-jdk8\1.8.21\67f57e154437cd9e6e9cf368394b95814836ff88\kotlin-stdlib-jdk8-1.8.21.jar;C:\Users\pandey anurag\.gradle\caches\modules-2\files-2.1\org.lwjgl\lwjgl-assimp\3.3.2\e5238c13abef6b0fd6e1b4320d3c8cd0c10bfe61\lwjgl-assimp-3.3.2.jar;C:\Users\pandey anurag\.gradle\caches\modules-2\files-2.1\org.lwjgl\lwjgl-bgfx\3.3.2\d42de3985faa0e51211735c283de80425ddce2ac\lwjgl-bgfx-3.3.2.jar;C:\Users\pandey anurag\.gradle\caches\modules-2\files-2.1\org.lwjgl\lwjgl-glfw\3.3.2\757920418805fb90bfebb3d46b1d9e7669fca2eb\lwjgl-glfw-3.3.2.jar;C:\Users\pandey anurag\.gradle\caches\modules-2\files-2.1\org.lwjgl\lwjgl-nanovg\3.3.2\74b531a4d433ebba9d099819889901a2f48e8bb\lwjgl-nanovg-3.3.2.jar;C:\Users\pandey anurag\.gradle\caches\modules-2\files-2.1\org.lwjgl\lwjgl-nuklear\3.3.2\2c641ac2454f33caeaa5771bd26929d45d1b1f33\lwjgl-nuklear-3.3.2.jar;C:\Users\pandey anurag\.gradle\caches\modules-2\files-2.1\org.lwjgl\lwjgl-openal\3.3.2\ae5357ed6d934546d3533993ea84c0cfb75eed95\lwjgl-openal-3.3.2.jar;C:\Users\pandey anurag\.gradle\caches\modules-2\files-2.1\org.lwjgl\lwjgl-opengl\3.3.2\ee8e95be0b438602038bc1f02dc5e3d011b1b216\lwjgl-opengl-3.3.2.jar;C:\Users\pandey anurag\.gradle\caches\modules-2\files-2.1\org.lwjgl\lwjgl-par\3.3.2\2710f4b1e06929a61c14c745467e49fc3d02ace0\lwjgl-par-3.3.2.jar;C:\Users\pandey anurag\.gradle\caches\modules-2\files-2.1\org.lwjgl\lwjgl-stb\3.3.2\a2550795014d622b686e9caac50b14baa87d2c70\lwjgl-stb-3.3.2.jar;C:\Users\pandey anurag\.gradle\caches\modules-2\files-2.1\org.lwjgl\lwjgl-vulkan\3.3.2\41471d7a812105344f9e46c924f4b7597a3a15dc\lwjgl-vulkan-3.3.2.jar;C:\Users\pandey anurag\.gradle\caches\modules-2\files-2.1\org.lwjgl\lwjgl\3.3.2\4421d94af68e35dcaa31737a6fc59136a1e61b94\lwjgl-3.3.2.jar;C:\Users\pandey anurag\.gradle\caches\modules-2\fi
Launcher Type: SUN_STANDARD

[Global flags]
     intx CICompilerCount                          = 4                                         {product} {ergonomic}
     uint ConcGCThreads                            = 3                                         {product} {ergonomic}
     uint G1ConcRefinementThreads                  = 10                                        {product} {ergonomic}
   size_t G1HeapRegionSize                         = 1048576                                   {product} {ergonomic}
    uintx GCDrainStackTargetSize                   = 64                                        {product} {ergonomic}
   size_t InitialHeapSize                          = 123731968                                 {product} {ergonomic}
   size_t MarkStackSize                            = 4194304                                   {product} {ergonomic}
   size_t MaxHeapSize                              = 1967128576                                {product} {ergonomic}
   size_t MaxNewSize                               = 1179648000                                {product} {ergonomic}
   size_t MinHeapDeltaBytes                        = 1048576                                   {product} {ergonomic}
   size_t MinHeapSize                              = 8388608                                   {product} {ergonomic}
    uintx NonNMethodCodeHeapSize                   = 5839372                                {pd product} {ergonomic}
    uintx NonProfiledCodeHeapSize                  = 122909434                              {pd product} {ergonomic}
    uintx ProfiledCodeHeapSize                     = 122909434                              {pd product} {ergonomic}
    uintx ReservedCodeCacheSize                    = 251658240                              {pd product} {ergonomic}
     bool SegmentedCodeCache                       = true                                      {product} {ergonomic}
   size_t SoftMaxHeapSize                          = 1967128576                             {manageable} {ergonomic}
     bool UseCompressedClassPointers               = true                           {product lp64_product} {ergonomic}
     bool UseCompressedOops                        = true                           {product lp64_product} {ergonomic}
     bool UseG1GC                                  = true                                      {product} {ergonomic}
     bool UseLargePagesIndividualAllocation        = false                                  {pd product} {ergonomic}

Logging:
Log output configuration:
 #0: stdout all=warning uptime,level,tags
 #1: stderr all=off uptime,level,tags

Environment Variables:
PATH=C:\Program Files\Common Files\Oracle\Java\javapath;C:\WINDOWS\system32;C:\WINDOWS;C:\WINDOWS\System32\Wbem;C:\WINDOWS\System32\WindowsPowerShell\v1.0\;C:\WINDOWS\System32\OpenSSH\;C:\Program Files\kotlinc\bin;C:\Program Files\Git\cmd;C:\Program Files\nodejs\;C:\Users\pandey anurag\AppData\Local\Programs\Python\Python310\Scripts\;C:\Users\pandey anurag\AppData\Local\Programs\Python\Python310\;C:\Users\pandey anurag\AppData\Local\Microsoft\WindowsApps;C:\Program Files\PostgreSQL\14\bin;C:\Program Files\PostgreSQL\14\lib;C:\Users\pandey anurag\AppData\Roaming\npm;C:\Users\pandey anurag\AppData\Local\Programs\Microsoft VS Code\bin;C:\Users\pandey anurag\AppData\Local\Microsoft\WindowsApps;C:\Program Files\FFmpeg\bin;E:\src\flutter\bin;C:\Users\pandey anurag\AppData\Local\JetBrains\Toolbox\scripts;
USERNAME=pandey anurag
OS=Windows_NT
PROCESSOR_IDENTIFIER=AMD64 Family 23 Model 104 Stepping 1, AuthenticAMD



---------------  S Y S T E M  ---------------

OS:
 Windows 10 , 64 bit Build 22621 (10.0.22621.1928)
OS uptime: 0 days 15:04 hours
Hyper-V role detected

CPU: total 12 (initial active 12) (12 cores per cpu, 2 threads per core) family 23 model 104 stepping 1 microcode 0x0, cx8, cmov, fxsr, ht, mmx, 3dnowpref, sse, sse2, sse3, ssse3, sse4a, sse4.1, sse4.2, popcnt, lzcnt, tsc, tscinvbit, avx, avx2, aes, clmul, bmi1, bmi2, adx, sha, fma, vzeroupper, clflush, clflushopt, hv

Memory: 4k page, system-wide physical 7502M (565M free)
TotalPageFile size 21838M (AvailPageFile size 11606M)
current process WorkingSet (physical memory assigned to process): 52M, peak: 52M
current process commit charge ("private bytes"): 214M, peak: 215M

vm_info: Java HotSpot(TM) 64-Bit Server VM (17.0.1+12-LTS-39) for windows-amd64 JRE (17.0.1+12-LTS-39), built on Sep 27 2021 18:41:35 by "mach5one" with MS VC++ 16.8 (VS2019)

END.
